{"/Users/neubrihidayah/Downloads/chiral-dev/server/app.js": {"path":"/Users/neubrihidayah/Downloads/chiral-dev/server/app.js","statementMap":{"0":{"start":{"line":1,"column":0},"end":{"line":3,"column":1}},"1":{"start":{"line":2,"column":2},"end":{"line":2,"column":29}},"2":{"start":{"line":5,"column":16},"end":{"line":5,"column":34}},"3":{"start":{"line":6,"column":13},"end":{"line":6,"column":28}},"4":{"start":{"line":8,"column":23},"end":{"line":8,"column":62}},"5":{"start":{"line":9,"column":23},"end":{"line":9,"column":62}},"6":{"start":{"line":10,"column":25},"end":{"line":10,"column":66}},"7":{"start":{"line":11,"column":28},"end":{"line":11,"column":72}},"8":{"start":{"line":12,"column":21},"end":{"line":12,"column":58}},"9":{"start":{"line":13,"column":22},"end":{"line":13,"column":60}},"10":{"start":{"line":14,"column":23},"end":{"line":14,"column":62}},"11":{"start":{"line":16,"column":12},"end":{"line":16,"column":21}},"12":{"start":{"line":19,"column":0},"end":{"line":19,"column":16}},"13":{"start":{"line":20,"column":0},"end":{"line":20,"column":63}},"14":{"start":{"line":21,"column":0},"end":{"line":21,"column":41}},"15":{"start":{"line":24,"column":15},"end":{"line":24,"column":31}},"16":{"start":{"line":27,"column":0},"end":{"line":27,"column":52}},"17":{"start":{"line":28,"column":0},"end":{"line":28,"column":57}},"18":{"start":{"line":29,"column":0},"end":{"line":29,"column":60}},"19":{"start":{"line":32,"column":0},"end":{"line":32,"column":55}},"20":{"start":{"line":33,"column":0},"end":{"line":33,"column":49}},"21":{"start":{"line":34,"column":0},"end":{"line":34,"column":57}},"22":{"start":{"line":37,"column":0},"end":{"line":37,"column":45}},"23":{"start":{"line":40,"column":0},"end":{"line":40,"column":55}},"24":{"start":{"line":41,"column":0},"end":{"line":41,"column":62}},"25":{"start":{"line":44,"column":0},"end":{"line":44,"column":65}},"26":{"start":{"line":47,"column":0},"end":{"line":47,"column":49}},"27":{"start":{"line":48,"column":0},"end":{"line":48,"column":46}},"28":{"start":{"line":49,"column":0},"end":{"line":49,"column":53}},"29":{"start":{"line":50,"column":0},"end":{"line":50,"column":52}},"30":{"start":{"line":51,"column":0},"end":{"line":51,"column":55}},"31":{"start":{"line":54,"column":0},"end":{"line":54,"column":64}},"32":{"start":{"line":55,"column":0},"end":{"line":55,"column":61}},"33":{"start":{"line":56,"column":0},"end":{"line":56,"column":68}},"34":{"start":{"line":57,"column":0},"end":{"line":57,"column":67}},"35":{"start":{"line":58,"column":0},"end":{"line":58,"column":70}},"36":{"start":{"line":59,"column":0},"end":{"line":59,"column":77}},"37":{"start":{"line":60,"column":0},"end":{"line":63,"column":2}},"38":{"start":{"line":66,"column":0},"end":{"line":66,"column":61}},"39":{"start":{"line":68,"column":0},"end":{"line":68,"column":43}},"40":{"start":{"line":69,"column":0},"end":{"line":69,"column":24}},"41":{"start":{"line":71,"column":0},"end":{"line":71,"column":22}},"42":{"start":{"line":73,"column":0},"end":{"line":73,"column":21}}},"fnMap":{},"branchMap":{"0":{"loc":{"start":{"line":1,"column":0},"end":{"line":3,"column":1}},"type":"if","locations":[{"start":{"line":1,"column":0},"end":{"line":3,"column":1}},{"start":{},"end":{}}],"line":1}},"s":{"0":13,"1":13,"2":13,"3":13,"4":13,"5":13,"6":13,"7":13,"8":13,"9":13,"10":13,"11":13,"12":13,"13":13,"14":13,"15":13,"16":13,"17":13,"18":13,"19":13,"20":13,"21":13,"22":13,"23":13,"24":13,"25":13,"26":13,"27":13,"28":13,"29":13,"30":13,"31":13,"32":13,"33":13,"34":13,"35":13,"36":13,"37":13,"38":13,"39":13,"40":13,"41":13,"42":13},"f":{},"b":{"0":[13,0]},"_coverageSchema":"1a1c01bbd47fc00a2c39e90264f33305004495a9","hash":"d128ae83d8745e67b33fc402f7d2ba72514d2679"}
,"/Users/neubrihidayah/Downloads/chiral-dev/server/controllers/authController.js": {"path":"/Users/neubrihidayah/Downloads/chiral-dev/server/controllers/authController.js","statementMap":{"0":{"start":{"line":1,"column":28},"end":{"line":1,"column":56}},"1":{"start":{"line":2,"column":22},"end":{"line":2,"column":47}},"2":{"start":{"line":3,"column":17},"end":{"line":3,"column":37}},"3":{"start":{"line":4,"column":25},"end":{"line":4,"column":57}},"4":{"start":{"line":8,"column":4},"end":{"line":50,"column":5}},"5":{"start":{"line":9,"column":59},"end":{"line":9,"column":67}},"6":{"start":{"line":11,"column":6},"end":{"line":13,"column":7}},"7":{"start":{"line":12,"column":8},"end":{"line":12,"column":67}},"8":{"start":{"line":15,"column":6},"end":{"line":17,"column":7}},"9":{"start":{"line":16,"column":8},"end":{"line":16,"column":68}},"10":{"start":{"line":19,"column":6},"end":{"line":21,"column":7}},"11":{"start":{"line":20,"column":8},"end":{"line":20,"column":71}},"12":{"start":{"line":24,"column":39},"end":{"line":24,"column":41}},"13":{"start":{"line":25,"column":6},"end":{"line":32,"column":7}},"14":{"start":{"line":26,"column":8},"end":{"line":31,"column":9}},"15":{"start":{"line":27,"column":10},"end":{"line":27,"column":57}},"16":{"start":{"line":28,"column":15},"end":{"line":31,"column":9}},"17":{"start":{"line":30,"column":10},"end":{"line":30,"column":59}},"18":{"start":{"line":34,"column":19},"end":{"line":39,"column":8}},"19":{"start":{"line":41,"column":24},"end":{"line":41,"column":37}},"20":{"start":{"line":42,"column":6},"end":{"line":42,"column":32}},"21":{"start":{"line":44,"column":6},"end":{"line":47,"column":9}},"22":{"start":{"line":49,"column":6},"end":{"line":49,"column":18}},"23":{"start":{"line":54,"column":4},"end":{"line":95,"column":5}},"24":{"start":{"line":55,"column":34},"end":{"line":55,"column":42}},"25":{"start":{"line":57,"column":6},"end":{"line":59,"column":7}},"26":{"start":{"line":58,"column":8},"end":{"line":58,"column":68}},"27":{"start":{"line":61,"column":6},"end":{"line":63,"column":7}},"28":{"start":{"line":62,"column":8},"end":{"line":62,"column":71}},"29":{"start":{"line":65,"column":19},"end":{"line":69,"column":8}},"30":{"start":{"line":71,"column":6},"end":{"line":73,"column":7}},"31":{"start":{"line":72,"column":8},"end":{"line":72,"column":74}},"32":{"start":{"line":75,"column":30},"end":{"line":75,"column":70}},"33":{"start":{"line":77,"column":6},"end":{"line":79,"column":7}},"34":{"start":{"line":78,"column":8},"end":{"line":78,"column":74}},"35":{"start":{"line":81,"column":27},"end":{"line":81,"column":53}},"36":{"start":{"line":83,"column":24},"end":{"line":83,"column":37}},"37":{"start":{"line":84,"column":6},"end":{"line":84,"column":32}},"38":{"start":{"line":85,"column":6},"end":{"line":85,"column":33}},"39":{"start":{"line":86,"column":6},"end":{"line":86,"column":33}},"40":{"start":{"line":88,"column":6},"end":{"line":92,"column":9}},"41":{"start":{"line":94,"column":6},"end":{"line":94,"column":18}},"42":{"start":{"line":99,"column":4},"end":{"line":148,"column":5}},"43":{"start":{"line":100,"column":30},"end":{"line":100,"column":38}},"44":{"start":{"line":102,"column":6},"end":{"line":104,"column":7}},"45":{"start":{"line":103,"column":8},"end":{"line":103,"column":75}},"46":{"start":{"line":107,"column":29},"end":{"line":107,"column":78}},"47":{"start":{"line":110,"column":17},"end":{"line":114,"column":8}},"48":{"start":{"line":116,"column":6},"end":{"line":132,"column":7}},"49":{"start":{"line":118,"column":8},"end":{"line":124,"column":11}},"50":{"start":{"line":127,"column":8},"end":{"line":131,"column":9}},"51":{"start":{"line":128,"column":10},"end":{"line":128,"column":50}},"52":{"start":{"line":129,"column":10},"end":{"line":129,"column":78}},"53":{"start":{"line":130,"column":10},"end":{"line":130,"column":28}},"54":{"start":{"line":135,"column":27},"end":{"line":135,"column":53}},"55":{"start":{"line":138,"column":24},"end":{"line":138,"column":37}},"56":{"start":{"line":139,"column":6},"end":{"line":139,"column":32}},"57":{"start":{"line":141,"column":6},"end":{"line":145,"column":9}},"58":{"start":{"line":147,"column":6},"end":{"line":147,"column":18}},"59":{"start":{"line":152,"column":4},"end":{"line":180,"column":5}},"60":{"start":{"line":153,"column":36},"end":{"line":153,"column":44}},"61":{"start":{"line":156,"column":39},"end":{"line":156,"column":41}},"62":{"start":{"line":157,"column":6},"end":{"line":164,"column":7}},"63":{"start":{"line":158,"column":8},"end":{"line":163,"column":9}},"64":{"start":{"line":159,"column":10},"end":{"line":159,"column":57}},"65":{"start":{"line":160,"column":15},"end":{"line":163,"column":9}},"66":{"start":{"line":162,"column":10},"end":{"line":162,"column":59}},"67":{"start":{"line":166,"column":19},"end":{"line":166,"column":51}},"68":{"start":{"line":167,"column":6},"end":{"line":169,"column":7}},"69":{"start":{"line":168,"column":8},"end":{"line":168,"column":63}},"70":{"start":{"line":171,"column":6},"end":{"line":171,"column":58}},"71":{"start":{"line":172,"column":6},"end":{"line":172,"column":24}},"72":{"start":{"line":174,"column":6},"end":{"line":177,"column":9}},"73":{"start":{"line":179,"column":6},"end":{"line":179,"column":18}},"74":{"start":{"line":184,"column":4},"end":{"line":196,"column":5}},"75":{"start":{"line":185,"column":19},"end":{"line":187,"column":8}},"76":{"start":{"line":189,"column":6},"end":{"line":191,"column":7}},"77":{"start":{"line":190,"column":8},"end":{"line":190,"column":63}},"78":{"start":{"line":193,"column":6},"end":{"line":193,"column":25}},"79":{"start":{"line":195,"column":6},"end":{"line":195,"column":18}},"80":{"start":{"line":200,"column":0},"end":{"line":200,"column":32}}},"fnMap":{"0":{"name":"(anonymous_0)","decl":{"start":{"line":7,"column":2},"end":{"line":7,"column":3}},"loc":{"start":{"line":7,"column":40},"end":{"line":51,"column":3}},"line":7},"1":{"name":"(anonymous_1)","decl":{"start":{"line":53,"column":2},"end":{"line":53,"column":3}},"loc":{"start":{"line":53,"column":37},"end":{"line":96,"column":3}},"line":53},"2":{"name":"(anonymous_2)","decl":{"start":{"line":98,"column":2},"end":{"line":98,"column":3}},"loc":{"start":{"line":98,"column":43},"end":{"line":149,"column":3}},"line":98},"3":{"name":"(anonymous_3)","decl":{"start":{"line":151,"column":2},"end":{"line":151,"column":3}},"loc":{"start":{"line":151,"column":47},"end":{"line":181,"column":3}},"line":151},"4":{"name":"(anonymous_4)","decl":{"start":{"line":183,"column":2},"end":{"line":183,"column":3}},"loc":{"start":{"line":183,"column":42},"end":{"line":197,"column":3}},"line":183}},"branchMap":{"0":{"loc":{"start":{"line":11,"column":6},"end":{"line":13,"column":7}},"type":"if","locations":[{"start":{"line":11,"column":6},"end":{"line":13,"column":7}},{"start":{},"end":{}}],"line":11},"1":{"loc":{"start":{"line":15,"column":6},"end":{"line":17,"column":7}},"type":"if","locations":[{"start":{"line":15,"column":6},"end":{"line":17,"column":7}},{"start":{},"end":{}}],"line":15},"2":{"loc":{"start":{"line":19,"column":6},"end":{"line":21,"column":7}},"type":"if","locations":[{"start":{"line":19,"column":6},"end":{"line":21,"column":7}},{"start":{},"end":{}}],"line":19},"3":{"loc":{"start":{"line":25,"column":6},"end":{"line":32,"column":7}},"type":"if","locations":[{"start":{"line":25,"column":6},"end":{"line":32,"column":7}},{"start":{},"end":{}}],"line":25},"4":{"loc":{"start":{"line":26,"column":8},"end":{"line":31,"column":9}},"type":"if","locations":[{"start":{"line":26,"column":8},"end":{"line":31,"column":9}},{"start":{"line":28,"column":15},"end":{"line":31,"column":9}}],"line":26},"5":{"loc":{"start":{"line":28,"column":15},"end":{"line":31,"column":9}},"type":"if","locations":[{"start":{"line":28,"column":15},"end":{"line":31,"column":9}},{"start":{},"end":{}}],"line":28},"6":{"loc":{"start":{"line":57,"column":6},"end":{"line":59,"column":7}},"type":"if","locations":[{"start":{"line":57,"column":6},"end":{"line":59,"column":7}},{"start":{},"end":{}}],"line":57},"7":{"loc":{"start":{"line":61,"column":6},"end":{"line":63,"column":7}},"type":"if","locations":[{"start":{"line":61,"column":6},"end":{"line":63,"column":7}},{"start":{},"end":{}}],"line":61},"8":{"loc":{"start":{"line":71,"column":6},"end":{"line":73,"column":7}},"type":"if","locations":[{"start":{"line":71,"column":6},"end":{"line":73,"column":7}},{"start":{},"end":{}}],"line":71},"9":{"loc":{"start":{"line":77,"column":6},"end":{"line":79,"column":7}},"type":"if","locations":[{"start":{"line":77,"column":6},"end":{"line":79,"column":7}},{"start":{},"end":{}}],"line":77},"10":{"loc":{"start":{"line":102,"column":6},"end":{"line":104,"column":7}},"type":"if","locations":[{"start":{"line":102,"column":6},"end":{"line":104,"column":7}},{"start":{},"end":{}}],"line":102},"11":{"loc":{"start":{"line":116,"column":6},"end":{"line":132,"column":7}},"type":"if","locations":[{"start":{"line":116,"column":6},"end":{"line":132,"column":7}},{"start":{"line":125,"column":13},"end":{"line":132,"column":7}}],"line":116},"12":{"loc":{"start":{"line":127,"column":8},"end":{"line":131,"column":9}},"type":"if","locations":[{"start":{"line":127,"column":8},"end":{"line":131,"column":9}},{"start":{},"end":{}}],"line":127},"13":{"loc":{"start":{"line":129,"column":32},"end":{"line":129,"column":77}},"type":"binary-expr","locations":[{"start":{"line":129,"column":32},"end":{"line":129,"column":54}},{"start":{"line":129,"column":58},"end":{"line":129,"column":77}}],"line":129},"14":{"loc":{"start":{"line":157,"column":6},"end":{"line":164,"column":7}},"type":"if","locations":[{"start":{"line":157,"column":6},"end":{"line":164,"column":7}},{"start":{},"end":{}}],"line":157},"15":{"loc":{"start":{"line":158,"column":8},"end":{"line":163,"column":9}},"type":"if","locations":[{"start":{"line":158,"column":8},"end":{"line":163,"column":9}},{"start":{"line":160,"column":15},"end":{"line":163,"column":9}}],"line":158},"16":{"loc":{"start":{"line":160,"column":15},"end":{"line":163,"column":9}},"type":"if","locations":[{"start":{"line":160,"column":15},"end":{"line":163,"column":9}},{"start":{},"end":{}}],"line":160},"17":{"loc":{"start":{"line":167,"column":6},"end":{"line":169,"column":7}},"type":"if","locations":[{"start":{"line":167,"column":6},"end":{"line":169,"column":7}},{"start":{},"end":{}}],"line":167},"18":{"loc":{"start":{"line":189,"column":6},"end":{"line":191,"column":7}},"type":"if","locations":[{"start":{"line":189,"column":6},"end":{"line":191,"column":7}},{"start":{},"end":{}}],"line":189}},"s":{"0":13,"1":13,"2":13,"3":13,"4":12,"5":12,"6":12,"7":1,"8":11,"9":1,"10":10,"11":1,"12":9,"13":9,"14":2,"15":2,"16":0,"17":0,"18":9,"19":7,"20":7,"21":7,"22":5,"23":9,"24":9,"25":9,"26":1,"27":8,"28":1,"29":7,"30":7,"31":2,"32":5,"33":5,"34":1,"35":4,"36":4,"37":4,"38":4,"39":4,"40":4,"41":5,"42":0,"43":0,"44":0,"45":0,"46":0,"47":0,"48":0,"49":0,"50":0,"51":0,"52":0,"53":0,"54":0,"55":0,"56":0,"57":0,"58":0,"59":3,"60":3,"61":3,"62":3,"63":2,"64":1,"65":1,"66":1,"67":3,"68":3,"69":0,"70":3,"71":3,"72":3,"73":0,"74":1,"75":1,"76":1,"77":0,"78":1,"79":0,"80":13},"f":{"0":12,"1":9,"2":0,"3":3,"4":1},"b":{"0":[1,11],"1":[1,10],"2":[1,9],"3":[2,7],"4":[2,0],"5":[0,0],"6":[1,8],"7":[1,7],"8":[2,5],"9":[1,4],"10":[0,0],"11":[0,0],"12":[0,0],"13":[0,0],"14":[2,1],"15":[1,1],"16":[1,0],"17":[0,3],"18":[0,1]},"_coverageSchema":"1a1c01bbd47fc00a2c39e90264f33305004495a9","hash":"eee2b87c03790206c78fe996f02c1e2d870f9f7c"}
,"/Users/neubrihidayah/Downloads/chiral-dev/server/controllers/geminiController.js": {"path":"/Users/neubrihidayah/Downloads/chiral-dev/server/controllers/geminiController.js","statementMap":{"0":{"start":{"line":1,"column":21},"end":{"line":1,"column":49}},"1":{"start":{"line":5,"column":4},"end":{"line":56,"column":5}},"2":{"start":{"line":6,"column":43},"end":{"line":6,"column":51}},"3":{"start":{"line":9,"column":6},"end":{"line":11,"column":7}},"4":{"start":{"line":10,"column":8},"end":{"line":10,"column":79}},"5":{"start":{"line":14,"column":6},"end":{"line":19,"column":7}},"6":{"start":{"line":15,"column":8},"end":{"line":18,"column":10}},"7":{"start":{"line":21,"column":6},"end":{"line":26,"column":7}},"8":{"start":{"line":22,"column":8},"end":{"line":25,"column":10}},"9":{"start":{"line":29,"column":39},"end":{"line":29,"column":61}},"10":{"start":{"line":30,"column":31},"end":{"line":30,"column":62}},"11":{"start":{"line":32,"column":6},"end":{"line":37,"column":7}},"12":{"start":{"line":33,"column":8},"end":{"line":36,"column":10}},"13":{"start":{"line":39,"column":26},"end":{"line":42,"column":7}},"14":{"start":{"line":44,"column":6},"end":{"line":48,"column":9}},"15":{"start":{"line":51,"column":6},"end":{"line":54,"column":7}},"16":{"start":{"line":52,"column":8},"end":{"line":52,"column":43}},"17":{"start":{"line":53,"column":8},"end":{"line":53,"column":64}},"18":{"start":{"line":55,"column":6},"end":{"line":55,"column":18}},"19":{"start":{"line":60,"column":0},"end":{"line":60,"column":34}}},"fnMap":{"0":{"name":"(anonymous_0)","decl":{"start":{"line":4,"column":2},"end":{"line":4,"column":3}},"loc":{"start":{"line":4,"column":43},"end":{"line":57,"column":3}},"line":4}},"branchMap":{"0":{"loc":{"start":{"line":9,"column":6},"end":{"line":11,"column":7}},"type":"if","locations":[{"start":{"line":9,"column":6},"end":{"line":11,"column":7}},{"start":{},"end":{}}],"line":9},"1":{"loc":{"start":{"line":14,"column":6},"end":{"line":19,"column":7}},"type":"if","locations":[{"start":{"line":14,"column":6},"end":{"line":19,"column":7}},{"start":{},"end":{}}],"line":14},"2":{"loc":{"start":{"line":21,"column":6},"end":{"line":26,"column":7}},"type":"if","locations":[{"start":{"line":21,"column":6},"end":{"line":26,"column":7}},{"start":{},"end":{}}],"line":21},"3":{"loc":{"start":{"line":21,"column":10},"end":{"line":21,"column":43}},"type":"binary-expr","locations":[{"start":{"line":21,"column":10},"end":{"line":21,"column":17}},{"start":{"line":21,"column":21},"end":{"line":21,"column":43}}],"line":21},"4":{"loc":{"start":{"line":30,"column":31},"end":{"line":30,"column":62}},"type":"cond-expr","locations":[{"start":{"line":30,"column":41},"end":{"line":30,"column":55}},{"start":{"line":30,"column":58},"end":{"line":30,"column":62}}],"line":30},"5":{"loc":{"start":{"line":32,"column":6},"end":{"line":37,"column":7}},"type":"if","locations":[{"start":{"line":32,"column":6},"end":{"line":37,"column":7}},{"start":{},"end":{}}],"line":32},"6":{"loc":{"start":{"line":51,"column":6},"end":{"line":54,"column":7}},"type":"if","locations":[{"start":{"line":51,"column":6},"end":{"line":54,"column":7}},{"start":{},"end":{}}],"line":51}},"s":{"0":13,"1":0,"2":0,"3":0,"4":0,"5":0,"6":0,"7":0,"8":0,"9":0,"10":0,"11":0,"12":0,"13":0,"14":0,"15":0,"16":0,"17":0,"18":0,"19":13},"f":{"0":0},"b":{"0":[0,0],"1":[0,0],"2":[0,0],"3":[0,0],"4":[0,0],"5":[0,0],"6":[0,0]},"_coverageSchema":"1a1c01bbd47fc00a2c39e90264f33305004495a9","hash":"d787504dd028d514ef59bd7e5d72ef999a7866e0"}
,"/Users/neubrihidayah/Downloads/chiral-dev/server/controllers/highlightController.js": {"path":"/Users/neubrihidayah/Downloads/chiral-dev/server/controllers/highlightController.js","statementMap":{"0":{"start":{"line":1,"column":28},"end":{"line":1,"column":48}},"1":{"start":{"line":2,"column":21},"end":{"line":2,"column":49}},"2":{"start":{"line":7,"column":4},"end":{"line":21,"column":6}},"3":{"start":{"line":25,"column":4},"end":{"line":92,"column":5}},"4":{"start":{"line":35,"column":10},"end":{"line":35,"column":18}},"5":{"start":{"line":38,"column":6},"end":{"line":40,"column":7}},"6":{"start":{"line":39,"column":8},"end":{"line":39,"column":73}},"7":{"start":{"line":42,"column":6},"end":{"line":44,"column":7}},"8":{"start":{"line":43,"column":8},"end":{"line":43,"column":79}},"9":{"start":{"line":47,"column":6},"end":{"line":52,"column":7}},"10":{"start":{"line":48,"column":8},"end":{"line":51,"column":10}},"11":{"start":{"line":55,"column":39},"end":{"line":55,"column":61}},"12":{"start":{"line":56,"column":31},"end":{"line":56,"column":62}},"13":{"start":{"line":58,"column":24},"end":{"line":58,"column":28}},"14":{"start":{"line":61,"column":6},"end":{"line":71,"column":7}},"15":{"start":{"line":62,"column":8},"end":{"line":70,"column":9}},"16":{"start":{"line":63,"column":10},"end":{"line":66,"column":12}},"17":{"start":{"line":68,"column":10},"end":{"line":68,"column":73}},"18":{"start":{"line":73,"column":24},"end":{"line":84,"column":8}},"19":{"start":{"line":86,"column":6},"end":{"line":89,"column":9}},"20":{"start":{"line":91,"column":6},"end":{"line":91,"column":18}},"21":{"start":{"line":96,"column":4},"end":{"line":166,"column":5}},"22":{"start":{"line":104,"column":10},"end":{"line":104,"column":19}},"23":{"start":{"line":106,"column":21},"end":{"line":106,"column":39}},"24":{"start":{"line":107,"column":20},"end":{"line":107,"column":43}},"25":{"start":{"line":110,"column":6},"end":{"line":112,"column":7}},"26":{"start":{"line":111,"column":8},"end":{"line":111,"column":47}},"27":{"start":{"line":115,"column":6},"end":{"line":117,"column":7}},"28":{"start":{"line":116,"column":8},"end":{"line":116,"column":53}},"29":{"start":{"line":120,"column":6},"end":{"line":127,"column":7}},"30":{"start":{"line":121,"column":23},"end":{"line":121,"column":43}},"31":{"start":{"line":122,"column":8},"end":{"line":126,"column":10}},"32":{"start":{"line":131,"column":6},"end":{"line":139,"column":7}},"33":{"start":{"line":133,"column":10},"end":{"line":133,"column":47}},"34":{"start":{"line":134,"column":10},"end":{"line":134,"column":16}},"35":{"start":{"line":137,"column":10},"end":{"line":137,"column":48}},"36":{"start":{"line":138,"column":10},"end":{"line":138,"column":16}},"37":{"start":{"line":141,"column":25},"end":{"line":153,"column":8}},"38":{"start":{"line":155,"column":6},"end":{"line":163,"column":9}},"39":{"start":{"line":157,"column":10},"end":{"line":157,"column":63}},"40":{"start":{"line":165,"column":6},"end":{"line":165,"column":18}},"41":{"start":{"line":170,"column":4},"end":{"line":196,"column":5}},"42":{"start":{"line":171,"column":21},"end":{"line":171,"column":31}},"43":{"start":{"line":173,"column":24},"end":{"line":185,"column":8}},"44":{"start":{"line":187,"column":6},"end":{"line":189,"column":7}},"45":{"start":{"line":188,"column":8},"end":{"line":188,"column":68}},"46":{"start":{"line":191,"column":6},"end":{"line":193,"column":9}},"47":{"start":{"line":195,"column":6},"end":{"line":195,"column":18}},"48":{"start":{"line":200,"column":4},"end":{"line":243,"column":5}},"49":{"start":{"line":201,"column":21},"end":{"line":201,"column":31}},"50":{"start":{"line":202,"column":67},"end":{"line":202,"column":75}},"51":{"start":{"line":204,"column":24},"end":{"line":209,"column":8}},"52":{"start":{"line":211,"column":6},"end":{"line":213,"column":7}},"53":{"start":{"line":212,"column":8},"end":{"line":212,"column":68}},"54":{"start":{"line":216,"column":6},"end":{"line":224,"column":7}},"55":{"start":{"line":217,"column":8},"end":{"line":222,"column":9}},"56":{"start":{"line":218,"column":10},"end":{"line":221,"column":12}},"57":{"start":{"line":223,"column":8},"end":{"line":223,"column":59}},"58":{"start":{"line":225,"column":6},"end":{"line":227,"column":7}},"59":{"start":{"line":226,"column":8},"end":{"line":226,"column":44}},"60":{"start":{"line":228,"column":6},"end":{"line":230,"column":7}},"61":{"start":{"line":229,"column":8},"end":{"line":229,"column":30}},"62":{"start":{"line":231,"column":6},"end":{"line":233,"column":7}},"63":{"start":{"line":232,"column":8},"end":{"line":232,"column":46}},"64":{"start":{"line":235,"column":6},"end":{"line":235,"column":29}},"65":{"start":{"line":237,"column":6},"end":{"line":240,"column":9}},"66":{"start":{"line":242,"column":6},"end":{"line":242,"column":18}},"67":{"start":{"line":247,"column":4},"end":{"line":268,"column":5}},"68":{"start":{"line":248,"column":21},"end":{"line":248,"column":31}},"69":{"start":{"line":250,"column":24},"end":{"line":255,"column":8}},"70":{"start":{"line":257,"column":6},"end":{"line":259,"column":7}},"71":{"start":{"line":258,"column":8},"end":{"line":258,"column":68}},"72":{"start":{"line":261,"column":6},"end":{"line":261,"column":32}},"73":{"start":{"line":263,"column":6},"end":{"line":265,"column":9}},"74":{"start":{"line":267,"column":6},"end":{"line":267,"column":18}},"75":{"start":{"line":272,"column":4},"end":{"line":316,"column":5}},"76":{"start":{"line":273,"column":21},"end":{"line":273,"column":31}},"77":{"start":{"line":274,"column":37},"end":{"line":274,"column":46}},"78":{"start":{"line":276,"column":24},"end":{"line":281,"column":8}},"79":{"start":{"line":283,"column":6},"end":{"line":285,"column":7}},"80":{"start":{"line":284,"column":8},"end":{"line":284,"column":68}},"81":{"start":{"line":288,"column":6},"end":{"line":294,"column":7}},"82":{"start":{"line":289,"column":8},"end":{"line":293,"column":11}},"83":{"start":{"line":297,"column":26},"end":{"line":300,"column":7}},"84":{"start":{"line":303,"column":6},"end":{"line":303,"column":42}},"85":{"start":{"line":304,"column":6},"end":{"line":304,"column":29}},"86":{"start":{"line":306,"column":6},"end":{"line":313,"column":9}},"87":{"start":{"line":315,"column":6},"end":{"line":315,"column":18}},"88":{"start":{"line":320,"column":4},"end":{"line":347,"column":5}},"89":{"start":{"line":321,"column":28},"end":{"line":321,"column":38}},"90":{"start":{"line":323,"column":25},"end":{"line":336,"column":8}},"91":{"start":{"line":338,"column":6},"end":{"line":344,"column":9}},"92":{"start":{"line":340,"column":10},"end":{"line":340,"column":63}},"93":{"start":{"line":346,"column":6},"end":{"line":346,"column":18}},"94":{"start":{"line":351,"column":0},"end":{"line":351,"column":37}}},"fnMap":{"0":{"name":"(anonymous_0)","decl":{"start":{"line":6,"column":2},"end":{"line":6,"column":3}},"loc":{"start":{"line":6,"column":43},"end":{"line":22,"column":3}},"line":6},"1":{"name":"(anonymous_1)","decl":{"start":{"line":24,"column":2},"end":{"line":24,"column":3}},"loc":{"start":{"line":24,"column":47},"end":{"line":93,"column":3}},"line":24},"2":{"name":"(anonymous_2)","decl":{"start":{"line":95,"column":2},"end":{"line":95,"column":3}},"loc":{"start":{"line":95,"column":45},"end":{"line":167,"column":3}},"line":95},"3":{"name":"(anonymous_3)","decl":{"start":{"line":156,"column":40},"end":{"line":156,"column":41}},"loc":{"start":{"line":157,"column":10},"end":{"line":157,"column":63}},"line":157},"4":{"name":"(anonymous_4)","decl":{"start":{"line":169,"column":2},"end":{"line":169,"column":3}},"loc":{"start":{"line":169,"column":48},"end":{"line":197,"column":3}},"line":169},"5":{"name":"(anonymous_5)","decl":{"start":{"line":199,"column":2},"end":{"line":199,"column":3}},"loc":{"start":{"line":199,"column":47},"end":{"line":244,"column":3}},"line":199},"6":{"name":"(anonymous_6)","decl":{"start":{"line":246,"column":2},"end":{"line":246,"column":3}},"loc":{"start":{"line":246,"column":47},"end":{"line":269,"column":3}},"line":246},"7":{"name":"(anonymous_7)","decl":{"start":{"line":271,"column":2},"end":{"line":271,"column":3}},"loc":{"start":{"line":271,"column":48},"end":{"line":317,"column":3}},"line":271},"8":{"name":"(anonymous_8)","decl":{"start":{"line":319,"column":2},"end":{"line":319,"column":3}},"loc":{"start":{"line":319,"column":52},"end":{"line":348,"column":3}},"line":319},"9":{"name":"(anonymous_9)","decl":{"start":{"line":339,"column":35},"end":{"line":339,"column":36}},"loc":{"start":{"line":340,"column":10},"end":{"line":340,"column":63}},"line":340}},"branchMap":{"0":{"loc":{"start":{"line":34,"column":8},"end":{"line":34,"column":26}},"type":"default-arg","locations":[{"start":{"line":34,"column":22},"end":{"line":34,"column":26}}],"line":34},"1":{"loc":{"start":{"line":38,"column":6},"end":{"line":40,"column":7}},"type":"if","locations":[{"start":{"line":38,"column":6},"end":{"line":40,"column":7}},{"start":{},"end":{}}],"line":38},"2":{"loc":{"start":{"line":42,"column":6},"end":{"line":44,"column":7}},"type":"if","locations":[{"start":{"line":42,"column":6},"end":{"line":44,"column":7}},{"start":{},"end":{}}],"line":42},"3":{"loc":{"start":{"line":47,"column":6},"end":{"line":52,"column":7}},"type":"if","locations":[{"start":{"line":47,"column":6},"end":{"line":52,"column":7}},{"start":{},"end":{}}],"line":47},"4":{"loc":{"start":{"line":56,"column":31},"end":{"line":56,"column":62}},"type":"cond-expr","locations":[{"start":{"line":56,"column":41},"end":{"line":56,"column":55}},{"start":{"line":56,"column":58},"end":{"line":56,"column":62}}],"line":56},"5":{"loc":{"start":{"line":61,"column":6},"end":{"line":71,"column":7}},"type":"if","locations":[{"start":{"line":61,"column":6},"end":{"line":71,"column":7}},{"start":{},"end":{}}],"line":61},"6":{"loc":{"start":{"line":76,"column":22},"end":{"line":76,"column":42}},"type":"binary-expr","locations":[{"start":{"line":76,"column":22},"end":{"line":76,"column":34}},{"start":{"line":76,"column":38},"end":{"line":76,"column":42}}],"line":76},"7":{"loc":{"start":{"line":77,"column":20},"end":{"line":77,"column":38}},"type":"binary-expr","locations":[{"start":{"line":77,"column":20},"end":{"line":77,"column":30}},{"start":{"line":77,"column":34},"end":{"line":77,"column":38}}],"line":77},"8":{"loc":{"start":{"line":81,"column":18},"end":{"line":81,"column":34}},"type":"binary-expr","locations":[{"start":{"line":81,"column":18},"end":{"line":81,"column":26}},{"start":{"line":81,"column":30},"end":{"line":81,"column":34}}],"line":81},"9":{"loc":{"start":{"line":82,"column":14},"end":{"line":82,"column":26}},"type":"binary-expr","locations":[{"start":{"line":82,"column":14},"end":{"line":82,"column":18}},{"start":{"line":82,"column":22},"end":{"line":82,"column":26}}],"line":82},"10":{"loc":{"start":{"line":98,"column":8},"end":{"line":98,"column":16}},"type":"default-arg","locations":[{"start":{"line":98,"column":15},"end":{"line":98,"column":16}}],"line":98},"11":{"loc":{"start":{"line":99,"column":8},"end":{"line":99,"column":18}},"type":"default-arg","locations":[{"start":{"line":99,"column":16},"end":{"line":99,"column":18}}],"line":99},"12":{"loc":{"start":{"line":103,"column":8},"end":{"line":103,"column":25}},"type":"default-arg","locations":[{"start":{"line":103,"column":17},"end":{"line":103,"column":25}}],"line":103},"13":{"loc":{"start":{"line":110,"column":6},"end":{"line":112,"column":7}},"type":"if","locations":[{"start":{"line":110,"column":6},"end":{"line":112,"column":7}},{"start":{},"end":{}}],"line":110},"14":{"loc":{"start":{"line":115,"column":6},"end":{"line":117,"column":7}},"type":"if","locations":[{"start":{"line":115,"column":6},"end":{"line":117,"column":7}},{"start":{},"end":{}}],"line":115},"15":{"loc":{"start":{"line":120,"column":6},"end":{"line":127,"column":7}},"type":"if","locations":[{"start":{"line":120,"column":6},"end":{"line":127,"column":7}},{"start":{},"end":{}}],"line":120},"16":{"loc":{"start":{"line":131,"column":6},"end":{"line":139,"column":7}},"type":"switch","locations":[{"start":{"line":132,"column":8},"end":{"line":134,"column":16}},{"start":{"line":135,"column":8},"end":{"line":135,"column":22}},{"start":{"line":136,"column":8},"end":{"line":138,"column":16}}],"line":131},"17":{"loc":{"start":{"line":187,"column":6},"end":{"line":189,"column":7}},"type":"if","locations":[{"start":{"line":187,"column":6},"end":{"line":189,"column":7}},{"start":{},"end":{}}],"line":187},"18":{"loc":{"start":{"line":211,"column":6},"end":{"line":213,"column":7}},"type":"if","locations":[{"start":{"line":211,"column":6},"end":{"line":213,"column":7}},{"start":{},"end":{}}],"line":211},"19":{"loc":{"start":{"line":216,"column":6},"end":{"line":224,"column":7}},"type":"if","locations":[{"start":{"line":216,"column":6},"end":{"line":224,"column":7}},{"start":{},"end":{}}],"line":216},"20":{"loc":{"start":{"line":217,"column":8},"end":{"line":222,"column":9}},"type":"if","locations":[{"start":{"line":217,"column":8},"end":{"line":222,"column":9}},{"start":{},"end":{}}],"line":217},"21":{"loc":{"start":{"line":225,"column":6},"end":{"line":227,"column":7}},"type":"if","locations":[{"start":{"line":225,"column":6},"end":{"line":227,"column":7}},{"start":{},"end":{}}],"line":225},"22":{"loc":{"start":{"line":228,"column":6},"end":{"line":230,"column":7}},"type":"if","locations":[{"start":{"line":228,"column":6},"end":{"line":230,"column":7}},{"start":{},"end":{}}],"line":228},"23":{"loc":{"start":{"line":231,"column":6},"end":{"line":233,"column":7}},"type":"if","locations":[{"start":{"line":231,"column":6},"end":{"line":233,"column":7}},{"start":{},"end":{}}],"line":231},"24":{"loc":{"start":{"line":257,"column":6},"end":{"line":259,"column":7}},"type":"if","locations":[{"start":{"line":257,"column":6},"end":{"line":259,"column":7}},{"start":{},"end":{}}],"line":257},"25":{"loc":{"start":{"line":274,"column":14},"end":{"line":274,"column":32}},"type":"default-arg","locations":[{"start":{"line":274,"column":27},"end":{"line":274,"column":32}}],"line":274},"26":{"loc":{"start":{"line":283,"column":6},"end":{"line":285,"column":7}},"type":"if","locations":[{"start":{"line":283,"column":6},"end":{"line":285,"column":7}},{"start":{},"end":{}}],"line":283},"27":{"loc":{"start":{"line":288,"column":6},"end":{"line":294,"column":7}},"type":"if","locations":[{"start":{"line":288,"column":6},"end":{"line":294,"column":7}},{"start":{},"end":{}}],"line":288},"28":{"loc":{"start":{"line":288,"column":10},"end":{"line":288,"column":46}},"type":"binary-expr","locations":[{"start":{"line":288,"column":10},"end":{"line":288,"column":31}},{"start":{"line":288,"column":35},"end":{"line":288,"column":46}}],"line":288},"29":{"loc":{"start":{"line":310,"column":17},"end":{"line":312,"column":48}},"type":"cond-expr","locations":[{"start":{"line":311,"column":12},"end":{"line":311,"column":50}},{"start":{"line":312,"column":12},"end":{"line":312,"column":48}}],"line":310}},"s":{"0":13,"1":13,"2":65,"3":23,"4":23,"5":23,"6":2,"7":21,"8":2,"9":19,"10":2,"11":17,"12":17,"13":17,"14":17,"15":5,"16":5,"17":3,"18":17,"19":17,"20":6,"21":10,"22":10,"23":10,"24":10,"25":10,"26":1,"27":10,"28":2,"29":10,"30":2,"31":2,"32":10,"33":1,"34":1,"35":9,"36":9,"37":10,"38":10,"39":40,"40":0,"41":4,"42":4,"43":4,"44":4,"45":1,"46":3,"47":1,"48":7,"49":7,"50":7,"51":7,"52":7,"53":1,"54":6,"55":2,"56":1,"57":1,"58":5,"59":1,"60":5,"61":1,"62":5,"63":1,"64":5,"65":5,"66":2,"67":4,"68":4,"69":4,"70":4,"71":2,"72":2,"73":2,"74":2,"75":5,"76":5,"77":5,"78":5,"79":5,"80":1,"81":4,"82":1,"83":3,"84":2,"85":2,"86":2,"87":2,"88":0,"89":0,"90":0,"91":0,"92":0,"93":0,"94":13},"f":{"0":65,"1":23,"2":10,"3":40,"4":4,"5":7,"6":4,"7":5,"8":0,"9":0},"b":{"0":[9],"1":[2,21],"2":[2,19],"3":[2,17],"4":[12,5],"5":[5,12],"6":[17,4],"7":[17,4],"8":[17,6],"9":[17,7],"10":[8],"11":[8],"12":[9],"13":[1,9],"14":[2,8],"15":[2,8],"16":[1,9,9],"17":[1,3],"18":[1,6],"19":[2,4],"20":[1,1],"21":[1,4],"22":[1,4],"23":[1,4],"24":[2,2],"25":[4],"26":[1,4],"27":[1,3],"28":[4,2],"29":[1,1]},"_coverageSchema":"1a1c01bbd47fc00a2c39e90264f33305004495a9","hash":"617862062a800532bb12447f489b0f681d120c05"}
,"/Users/neubrihidayah/Downloads/chiral-dev/server/controllers/noteController.js": {"path":"/Users/neubrihidayah/Downloads/chiral-dev/server/controllers/noteController.js","statementMap":{"0":{"start":{"line":1,"column":17},"end":{"line":1,"column":37}},"1":{"start":{"line":2,"column":15},"end":{"line":2,"column":35}},"2":{"start":{"line":7,"column":4},"end":{"line":21,"column":6}},"3":{"start":{"line":24,"column":4},"end":{"line":126,"column":5}},"4":{"start":{"line":33,"column":10},"end":{"line":33,"column":18}},"5":{"start":{"line":36,"column":6},"end":{"line":62,"column":7}},"6":{"start":{"line":37,"column":8},"end":{"line":42,"column":9}},"7":{"start":{"line":38,"column":10},"end":{"line":41,"column":12}},"8":{"start":{"line":43,"column":8},"end":{"line":48,"column":9}},"9":{"start":{"line":44,"column":10},"end":{"line":47,"column":12}},"10":{"start":{"line":49,"column":13},"end":{"line":62,"column":7}},"11":{"start":{"line":50,"column":8},"end":{"line":55,"column":9}},"12":{"start":{"line":51,"column":10},"end":{"line":54,"column":12}},"13":{"start":{"line":56,"column":8},"end":{"line":61,"column":9}},"14":{"start":{"line":57,"column":10},"end":{"line":60,"column":12}},"15":{"start":{"line":65,"column":6},"end":{"line":70,"column":7}},"16":{"start":{"line":66,"column":8},"end":{"line":69,"column":10}},"17":{"start":{"line":72,"column":6},"end":{"line":77,"column":7}},"18":{"start":{"line":73,"column":8},"end":{"line":76,"column":10}},"19":{"start":{"line":79,"column":6},"end":{"line":84,"column":7}},"20":{"start":{"line":80,"column":8},"end":{"line":83,"column":10}},"21":{"start":{"line":86,"column":6},"end":{"line":91,"column":7}},"22":{"start":{"line":87,"column":8},"end":{"line":90,"column":10}},"23":{"start":{"line":93,"column":6},"end":{"line":98,"column":7}},"24":{"start":{"line":94,"column":8},"end":{"line":97,"column":10}},"25":{"start":{"line":101,"column":23},"end":{"line":105,"column":7}},"26":{"start":{"line":107,"column":6},"end":{"line":116,"column":7}},"27":{"start":{"line":108,"column":8},"end":{"line":108,"column":38}},"28":{"start":{"line":109,"column":8},"end":{"line":109,"column":42}},"29":{"start":{"line":110,"column":13},"end":{"line":116,"column":7}},"30":{"start":{"line":111,"column":8},"end":{"line":111,"column":58}},"31":{"start":{"line":112,"column":8},"end":{"line":112,"column":50}},"32":{"start":{"line":113,"column":8},"end":{"line":115,"column":17}},"33":{"start":{"line":118,"column":19},"end":{"line":118,"column":46}},"34":{"start":{"line":120,"column":6},"end":{"line":123,"column":9}},"35":{"start":{"line":125,"column":6},"end":{"line":125,"column":18}},"36":{"start":{"line":130,"column":4},"end":{"line":167,"column":5}},"37":{"start":{"line":131,"column":59},"end":{"line":131,"column":68}},"38":{"start":{"line":132,"column":21},"end":{"line":132,"column":39}},"39":{"start":{"line":135,"column":26},"end":{"line":135,"column":49}},"40":{"start":{"line":138,"column":6},"end":{"line":145,"column":7}},"41":{"start":{"line":139,"column":8},"end":{"line":144,"column":10}},"42":{"start":{"line":148,"column":6},"end":{"line":150,"column":7}},"43":{"start":{"line":149,"column":8},"end":{"line":149,"column":38}},"44":{"start":{"line":152,"column":20},"end":{"line":157,"column":8}},"45":{"start":{"line":159,"column":6},"end":{"line":164,"column":9}},"46":{"start":{"line":160,"column":40},"end":{"line":160,"column":78}},"47":{"start":{"line":166,"column":6},"end":{"line":166,"column":18}},"48":{"start":{"line":171,"column":4},"end":{"line":188,"column":5}},"49":{"start":{"line":172,"column":21},"end":{"line":172,"column":31}},"50":{"start":{"line":174,"column":19},"end":{"line":179,"column":8}},"51":{"start":{"line":181,"column":6},"end":{"line":183,"column":7}},"52":{"start":{"line":182,"column":8},"end":{"line":182,"column":63}},"53":{"start":{"line":185,"column":6},"end":{"line":185,"column":65}},"54":{"start":{"line":187,"column":6},"end":{"line":187,"column":18}},"55":{"start":{"line":192,"column":4},"end":{"line":237,"column":5}},"56":{"start":{"line":193,"column":21},"end":{"line":193,"column":31}},"57":{"start":{"line":201,"column":10},"end":{"line":201,"column":18}},"58":{"start":{"line":203,"column":19},"end":{"line":208,"column":8}},"59":{"start":{"line":210,"column":6},"end":{"line":212,"column":7}},"60":{"start":{"line":211,"column":8},"end":{"line":211,"column":63}},"61":{"start":{"line":215,"column":6},"end":{"line":224,"column":7}},"62":{"start":{"line":216,"column":8},"end":{"line":216,"column":52}},"63":{"start":{"line":216,"column":33},"end":{"line":216,"column":52}},"64":{"start":{"line":217,"column":8},"end":{"line":217,"column":58}},"65":{"start":{"line":217,"column":35},"end":{"line":217,"column":58}},"66":{"start":{"line":218,"column":13},"end":{"line":224,"column":7}},"67":{"start":{"line":219,"column":8},"end":{"line":220,"column":49}},"68":{"start":{"line":220,"column":10},"end":{"line":220,"column":49}},"69":{"start":{"line":221,"column":8},"end":{"line":221,"column":70}},"70":{"start":{"line":221,"column":39},"end":{"line":221,"column":70}},"71":{"start":{"line":222,"column":8},"end":{"line":223,"column":49}},"72":{"start":{"line":223,"column":10},"end":{"line":223,"column":49}},"73":{"start":{"line":227,"column":6},"end":{"line":227,"column":65}},"74":{"start":{"line":227,"column":36},"end":{"line":227,"column":65}},"75":{"start":{"line":229,"column":6},"end":{"line":229,"column":24}},"76":{"start":{"line":231,"column":6},"end":{"line":234,"column":9}},"77":{"start":{"line":236,"column":6},"end":{"line":236,"column":18}},"78":{"start":{"line":241,"column":4},"end":{"line":260,"column":5}},"79":{"start":{"line":242,"column":21},"end":{"line":242,"column":31}},"80":{"start":{"line":244,"column":19},"end":{"line":249,"column":8}},"81":{"start":{"line":251,"column":6},"end":{"line":253,"column":7}},"82":{"start":{"line":252,"column":8},"end":{"line":252,"column":63}},"83":{"start":{"line":255,"column":6},"end":{"line":255,"column":27}},"84":{"start":{"line":257,"column":6},"end":{"line":257,"column":57}},"85":{"start":{"line":259,"column":6},"end":{"line":259,"column":18}},"86":{"start":{"line":264,"column":0},"end":{"line":264,"column":32}}},"fnMap":{"0":{"name":"(anonymous_0)","decl":{"start":{"line":6,"column":2},"end":{"line":6,"column":3}},"loc":{"start":{"line":6,"column":33},"end":{"line":22,"column":3}},"line":6},"1":{"name":"(anonymous_1)","decl":{"start":{"line":23,"column":2},"end":{"line":23,"column":3}},"loc":{"start":{"line":23,"column":42},"end":{"line":127,"column":3}},"line":23},"2":{"name":"(anonymous_2)","decl":{"start":{"line":129,"column":2},"end":{"line":129,"column":3}},"loc":{"start":{"line":129,"column":40},"end":{"line":168,"column":3}},"line":129},"3":{"name":"(anonymous_3)","decl":{"start":{"line":160,"column":30},"end":{"line":160,"column":31}},"loc":{"start":{"line":160,"column":40},"end":{"line":160,"column":78}},"line":160},"4":{"name":"(anonymous_4)","decl":{"start":{"line":170,"column":2},"end":{"line":170,"column":3}},"loc":{"start":{"line":170,"column":43},"end":{"line":189,"column":3}},"line":170},"5":{"name":"(anonymous_5)","decl":{"start":{"line":191,"column":2},"end":{"line":191,"column":3}},"loc":{"start":{"line":191,"column":42},"end":{"line":238,"column":3}},"line":191},"6":{"name":"(anonymous_6)","decl":{"start":{"line":240,"column":2},"end":{"line":240,"column":3}},"loc":{"start":{"line":240,"column":42},"end":{"line":261,"column":3}},"line":240}},"branchMap":{"0":{"loc":{"start":{"line":26,"column":8},"end":{"line":26,"column":32}},"type":"default-arg","locations":[{"start":{"line":26,"column":19},"end":{"line":26,"column":32}}],"line":26},"1":{"loc":{"start":{"line":29,"column":8},"end":{"line":29,"column":26}},"type":"default-arg","locations":[{"start":{"line":29,"column":21},"end":{"line":29,"column":26}}],"line":29},"2":{"loc":{"start":{"line":36,"column":6},"end":{"line":62,"column":7}},"type":"if","locations":[{"start":{"line":36,"column":6},"end":{"line":62,"column":7}},{"start":{"line":49,"column":13},"end":{"line":62,"column":7}}],"line":36},"3":{"loc":{"start":{"line":37,"column":8},"end":{"line":42,"column":9}},"type":"if","locations":[{"start":{"line":37,"column":8},"end":{"line":42,"column":9}},{"start":{},"end":{}}],"line":37},"4":{"loc":{"start":{"line":43,"column":8},"end":{"line":48,"column":9}},"type":"if","locations":[{"start":{"line":43,"column":8},"end":{"line":48,"column":9}},{"start":{},"end":{}}],"line":43},"5":{"loc":{"start":{"line":49,"column":13},"end":{"line":62,"column":7}},"type":"if","locations":[{"start":{"line":49,"column":13},"end":{"line":62,"column":7}},{"start":{},"end":{}}],"line":49},"6":{"loc":{"start":{"line":50,"column":8},"end":{"line":55,"column":9}},"type":"if","locations":[{"start":{"line":50,"column":8},"end":{"line":55,"column":9}},{"start":{},"end":{}}],"line":50},"7":{"loc":{"start":{"line":56,"column":8},"end":{"line":61,"column":9}},"type":"if","locations":[{"start":{"line":56,"column":8},"end":{"line":61,"column":9}},{"start":{},"end":{}}],"line":56},"8":{"loc":{"start":{"line":65,"column":6},"end":{"line":70,"column":7}},"type":"if","locations":[{"start":{"line":65,"column":6},"end":{"line":70,"column":7}},{"start":{},"end":{}}],"line":65},"9":{"loc":{"start":{"line":65,"column":10},"end":{"line":65,"column":37}},"type":"binary-expr","locations":[{"start":{"line":65,"column":10},"end":{"line":65,"column":15}},{"start":{"line":65,"column":19},"end":{"line":65,"column":37}}],"line":65},"10":{"loc":{"start":{"line":72,"column":6},"end":{"line":77,"column":7}},"type":"if","locations":[{"start":{"line":72,"column":6},"end":{"line":77,"column":7}},{"start":{},"end":{}}],"line":72},"11":{"loc":{"start":{"line":72,"column":10},"end":{"line":72,"column":43}},"type":"binary-expr","locations":[{"start":{"line":72,"column":10},"end":{"line":72,"column":17}},{"start":{"line":72,"column":21},"end":{"line":72,"column":43}}],"line":72},"12":{"loc":{"start":{"line":79,"column":6},"end":{"line":84,"column":7}},"type":"if","locations":[{"start":{"line":79,"column":6},"end":{"line":84,"column":7}},{"start":{},"end":{}}],"line":79},"13":{"loc":{"start":{"line":79,"column":10},"end":{"line":79,"column":58}},"type":"binary-expr","locations":[{"start":{"line":79,"column":10},"end":{"line":79,"column":25}},{"start":{"line":79,"column":29},"end":{"line":79,"column":58}}],"line":79},"14":{"loc":{"start":{"line":86,"column":6},"end":{"line":91,"column":7}},"type":"if","locations":[{"start":{"line":86,"column":6},"end":{"line":91,"column":7}},{"start":{},"end":{}}],"line":86},"15":{"loc":{"start":{"line":86,"column":10},"end":{"line":86,"column":51}},"type":"binary-expr","locations":[{"start":{"line":86,"column":10},"end":{"line":86,"column":21}},{"start":{"line":86,"column":25},"end":{"line":86,"column":51}}],"line":86},"16":{"loc":{"start":{"line":93,"column":6},"end":{"line":98,"column":7}},"type":"if","locations":[{"start":{"line":93,"column":6},"end":{"line":98,"column":7}},{"start":{},"end":{}}],"line":93},"17":{"loc":{"start":{"line":93,"column":10},"end":{"line":93,"column":59}},"type":"binary-expr","locations":[{"start":{"line":93,"column":10},"end":{"line":93,"column":25}},{"start":{"line":93,"column":29},"end":{"line":93,"column":59}}],"line":93},"18":{"loc":{"start":{"line":107,"column":6},"end":{"line":116,"column":7}},"type":"if","locations":[{"start":{"line":107,"column":6},"end":{"line":116,"column":7}},{"start":{"line":110,"column":13},"end":{"line":116,"column":7}}],"line":107},"19":{"loc":{"start":{"line":110,"column":13},"end":{"line":116,"column":7}},"type":"if","locations":[{"start":{"line":110,"column":13},"end":{"line":116,"column":7}},{"start":{},"end":{}}],"line":110},"20":{"loc":{"start":{"line":113,"column":35},"end":{"line":115,"column":16}},"type":"cond-expr","locations":[{"start":{"line":114,"column":12},"end":{"line":114,"column":34}},{"start":{"line":115,"column":12},"end":{"line":115,"column":16}}],"line":113},"21":{"loc":{"start":{"line":131,"column":14},"end":{"line":131,"column":22}},"type":"default-arg","locations":[{"start":{"line":131,"column":21},"end":{"line":131,"column":22}}],"line":131},"22":{"loc":{"start":{"line":131,"column":24},"end":{"line":131,"column":34}},"type":"default-arg","locations":[{"start":{"line":131,"column":32},"end":{"line":131,"column":34}}],"line":131},"23":{"loc":{"start":{"line":138,"column":6},"end":{"line":145,"column":7}},"type":"if","locations":[{"start":{"line":138,"column":6},"end":{"line":145,"column":7}},{"start":{},"end":{}}],"line":138},"24":{"loc":{"start":{"line":148,"column":6},"end":{"line":150,"column":7}},"type":"if","locations":[{"start":{"line":148,"column":6},"end":{"line":150,"column":7}},{"start":{},"end":{}}],"line":148},"25":{"loc":{"start":{"line":181,"column":6},"end":{"line":183,"column":7}},"type":"if","locations":[{"start":{"line":181,"column":6},"end":{"line":183,"column":7}},{"start":{},"end":{}}],"line":181},"26":{"loc":{"start":{"line":210,"column":6},"end":{"line":212,"column":7}},"type":"if","locations":[{"start":{"line":210,"column":6},"end":{"line":212,"column":7}},{"start":{},"end":{}}],"line":210},"27":{"loc":{"start":{"line":215,"column":6},"end":{"line":224,"column":7}},"type":"if","locations":[{"start":{"line":215,"column":6},"end":{"line":224,"column":7}},{"start":{"line":218,"column":13},"end":{"line":224,"column":7}}],"line":215},"28":{"loc":{"start":{"line":216,"column":8},"end":{"line":216,"column":52}},"type":"if","locations":[{"start":{"line":216,"column":8},"end":{"line":216,"column":52}},{"start":{},"end":{}}],"line":216},"29":{"loc":{"start":{"line":217,"column":8},"end":{"line":217,"column":58}},"type":"if","locations":[{"start":{"line":217,"column":8},"end":{"line":217,"column":58}},{"start":{},"end":{}}],"line":217},"30":{"loc":{"start":{"line":218,"column":13},"end":{"line":224,"column":7}},"type":"if","locations":[{"start":{"line":218,"column":13},"end":{"line":224,"column":7}},{"start":{},"end":{}}],"line":218},"31":{"loc":{"start":{"line":219,"column":8},"end":{"line":220,"column":49}},"type":"if","locations":[{"start":{"line":219,"column":8},"end":{"line":220,"column":49}},{"start":{},"end":{}}],"line":219},"32":{"loc":{"start":{"line":221,"column":8},"end":{"line":221,"column":70}},"type":"if","locations":[{"start":{"line":221,"column":8},"end":{"line":221,"column":70}},{"start":{},"end":{}}],"line":221},"33":{"loc":{"start":{"line":222,"column":8},"end":{"line":223,"column":49}},"type":"if","locations":[{"start":{"line":222,"column":8},"end":{"line":223,"column":49}},{"start":{},"end":{}}],"line":222},"34":{"loc":{"start":{"line":227,"column":6},"end":{"line":227,"column":65}},"type":"if","locations":[{"start":{"line":227,"column":6},"end":{"line":227,"column":65}},{"start":{},"end":{}}],"line":227},"35":{"loc":{"start":{"line":251,"column":6},"end":{"line":253,"column":7}},"type":"if","locations":[{"start":{"line":251,"column":6},"end":{"line":253,"column":7}},{"start":{},"end":{}}],"line":251}},"s":{"0":13,"1":13,"2":45,"3":24,"4":24,"5":24,"6":12,"7":2,"8":10,"9":1,"10":12,"11":11,"12":1,"13":10,"14":1,"15":19,"16":2,"17":17,"18":1,"19":16,"20":1,"21":15,"22":1,"23":14,"24":1,"25":13,"26":13,"27":6,"28":6,"29":7,"30":6,"31":6,"32":6,"33":13,"34":12,"35":12,"36":13,"37":13,"38":13,"39":13,"40":13,"41":5,"42":13,"43":3,"44":13,"45":12,"46":16,"47":1,"48":6,"49":6,"50":6,"51":5,"52":2,"53":3,"54":3,"55":17,"56":17,"57":17,"58":17,"59":17,"60":3,"61":14,"62":7,"63":3,"64":7,"65":2,"66":7,"67":7,"68":4,"69":7,"70":3,"71":7,"72":2,"73":14,"74":5,"75":14,"76":14,"77":3,"78":4,"79":4,"80":4,"81":4,"82":3,"83":1,"84":1,"85":3,"86":13},"f":{"0":45,"1":24,"2":13,"3":16,"4":6,"5":17,"6":4},"b":{"0":[2],"1":[22],"2":[12,12],"3":[2,10],"4":[1,9],"5":[11,1],"6":[1,10],"7":[1,9],"8":[2,17],"9":[19,10],"10":[1,16],"11":[17,8],"12":[1,15],"13":[16,10],"14":[1,14],"15":[15,9],"16":[1,13],"17":[14,7],"18":[6,7],"19":[6,1],"20":[5,1],"21":[8],"22":[9],"23":[5,8],"24":[3,10],"25":[2,3],"26":[3,14],"27":[7,7],"28":[3,4],"29":[2,5],"30":[7,0],"31":[4,3],"32":[3,4],"33":[2,5],"34":[5,9],"35":[3,1]},"_coverageSchema":"1a1c01bbd47fc00a2c39e90264f33305004495a9","hash":"2e1f381e8bf0b92e29df59e05681a3f6a96052ad"}
,"/Users/neubrihidayah/Downloads/chiral-dev/server/controllers/pubController.js": {"path":"/Users/neubrihidayah/Downloads/chiral-dev/server/controllers/pubController.js","statementMap":{"0":{"start":{"line":1,"column":14},"end":{"line":1,"column":30}},"1":{"start":{"line":5,"column":4},"end":{"line":9,"column":7}},"2":{"start":{"line":13,"column":4},"end":{"line":31,"column":5}},"3":{"start":{"line":14,"column":53},"end":{"line":14,"column":62}},"4":{"start":{"line":16,"column":22},"end":{"line":16,"column":72}},"5":{"start":{"line":17,"column":23},"end":{"line":23,"column":8}},"6":{"start":{"line":25,"column":6},"end":{"line":28,"column":9}},"7":{"start":{"line":30,"column":6},"end":{"line":30,"column":18}},"8":{"start":{"line":34,"column":4},"end":{"line":86,"column":5}},"9":{"start":{"line":35,"column":21},"end":{"line":35,"column":31}},"10":{"start":{"line":37,"column":6},"end":{"line":39,"column":7}},"11":{"start":{"line":38,"column":8},"end":{"line":38,"column":73}},"12":{"start":{"line":41,"column":22},"end":{"line":41,"column":72}},"13":{"start":{"line":42,"column":23},"end":{"line":42,"column":67}},"14":{"start":{"line":44,"column":22},"end":{"line":44,"column":35}},"15":{"start":{"line":47,"column":30},"end":{"line":74,"column":7}},"16":{"start":{"line":76,"column":6},"end":{"line":79,"column":9}},"17":{"start":{"line":81,"column":6},"end":{"line":85,"column":7}},"18":{"start":{"line":82,"column":8},"end":{"line":82,"column":66}},"19":{"start":{"line":84,"column":8},"end":{"line":84,"column":20}},"20":{"start":{"line":90,"column":4},"end":{"line":132,"column":5}},"21":{"start":{"line":92,"column":28},"end":{"line":92,"column":74}},"22":{"start":{"line":93,"column":32},"end":{"line":93,"column":41}},"23":{"start":{"line":95,"column":22},"end":{"line":95,"column":72}},"24":{"start":{"line":98,"column":30},"end":{"line":109,"column":7}},"25":{"start":{"line":100,"column":10},"end":{"line":108,"column":40}},"26":{"start":{"line":108,"column":26},"end":{"line":108,"column":38}},"27":{"start":{"line":111,"column":24},"end":{"line":111,"column":58}},"28":{"start":{"line":112,"column":26},"end":{"line":112,"column":78}},"29":{"start":{"line":112,"column":58},"end":{"line":112,"column":77}},"30":{"start":{"line":115,"column":29},"end":{"line":118,"column":7}},"31":{"start":{"line":117,"column":10},"end":{"line":117,"column":62}},"32":{"start":{"line":117,"column":42},"end":{"line":117,"column":61}},"33":{"start":{"line":121,"column":29},"end":{"line":123,"column":27}},"34":{"start":{"line":122,"column":24},"end":{"line":122,"column":75}},"35":{"start":{"line":125,"column":6},"end":{"line":129,"column":9}},"36":{"start":{"line":131,"column":6},"end":{"line":131,"column":18}},"37":{"start":{"line":136,"column":0},"end":{"line":136,"column":31}}},"fnMap":{"0":{"name":"(anonymous_0)","decl":{"start":{"line":4,"column":2},"end":{"line":4,"column":3}},"loc":{"start":{"line":4,"column":40},"end":{"line":10,"column":3}},"line":4},"1":{"name":"(anonymous_1)","decl":{"start":{"line":12,"column":2},"end":{"line":12,"column":3}},"loc":{"start":{"line":12,"column":49},"end":{"line":32,"column":3}},"line":12},"2":{"name":"(anonymous_2)","decl":{"start":{"line":33,"column":2},"end":{"line":33,"column":3}},"loc":{"start":{"line":33,"column":48},"end":{"line":87,"column":3}},"line":33},"3":{"name":"(anonymous_3)","decl":{"start":{"line":89,"column":2},"end":{"line":89,"column":3}},"loc":{"start":{"line":89,"column":54},"end":{"line":133,"column":3}},"line":89},"4":{"name":"(anonymous_4)","decl":{"start":{"line":99,"column":8},"end":{"line":99,"column":9}},"loc":{"start":{"line":100,"column":10},"end":{"line":108,"column":40}},"line":100},"5":{"name":"(anonymous_5)","decl":{"start":{"line":108,"column":19},"end":{"line":108,"column":20}},"loc":{"start":{"line":108,"column":26},"end":{"line":108,"column":38}},"line":108},"6":{"name":"(anonymous_6)","decl":{"start":{"line":112,"column":44},"end":{"line":112,"column":45}},"loc":{"start":{"line":112,"column":58},"end":{"line":112,"column":77}},"line":112},"7":{"name":"(anonymous_7)","decl":{"start":{"line":116,"column":8},"end":{"line":116,"column":9}},"loc":{"start":{"line":117,"column":10},"end":{"line":117,"column":62}},"line":117},"8":{"name":"(anonymous_8)","decl":{"start":{"line":117,"column":35},"end":{"line":117,"column":36}},"loc":{"start":{"line":117,"column":42},"end":{"line":117,"column":61}},"line":117},"9":{"name":"(anonymous_9)","decl":{"start":{"line":122,"column":14},"end":{"line":122,"column":15}},"loc":{"start":{"line":122,"column":24},"end":{"line":122,"column":75}},"line":122}},"branchMap":{"0":{"loc":{"start":{"line":14,"column":14},"end":{"line":14,"column":33}},"type":"default-arg","locations":[{"start":{"line":14,"column":20},"end":{"line":14,"column":33}}],"line":14},"1":{"loc":{"start":{"line":14,"column":35},"end":{"line":14,"column":48}},"type":"default-arg","locations":[{"start":{"line":14,"column":46},"end":{"line":14,"column":48}}],"line":14},"2":{"loc":{"start":{"line":16,"column":22},"end":{"line":16,"column":72}},"type":"binary-expr","locations":[{"start":{"line":16,"column":22},"end":{"line":16,"column":48}},{"start":{"line":16,"column":52},"end":{"line":16,"column":72}}],"line":16},"3":{"loc":{"start":{"line":37,"column":6},"end":{"line":39,"column":7}},"type":"if","locations":[{"start":{"line":37,"column":6},"end":{"line":39,"column":7}},{"start":{},"end":{}}],"line":37},"4":{"loc":{"start":{"line":41,"column":22},"end":{"line":41,"column":72}},"type":"binary-expr","locations":[{"start":{"line":41,"column":22},"end":{"line":41,"column":48}},{"start":{"line":41,"column":52},"end":{"line":41,"column":72}}],"line":41},"5":{"loc":{"start":{"line":67,"column":18},"end":{"line":67,"column":36}},"type":"binary-expr","locations":[{"start":{"line":67,"column":18},"end":{"line":67,"column":30}},{"start":{"line":67,"column":34},"end":{"line":67,"column":36}}],"line":67},"6":{"loc":{"start":{"line":70,"column":20},"end":{"line":72,"column":13}},"type":"cond-expr","locations":[{"start":{"line":71,"column":12},"end":{"line":71,"column":51}},{"start":{"line":72,"column":12},"end":{"line":72,"column":13}}],"line":70},"7":{"loc":{"start":{"line":73,"column":20},"end":{"line":73,"column":76}},"type":"cond-expr","locations":[{"start":{"line":73,"column":44},"end":{"line":73,"column":72}},{"start":{"line":73,"column":75},"end":{"line":73,"column":76}}],"line":73},"8":{"loc":{"start":{"line":81,"column":6},"end":{"line":85,"column":7}},"type":"if","locations":[{"start":{"line":81,"column":6},"end":{"line":85,"column":7}},{"start":{"line":83,"column":13},"end":{"line":85,"column":7}}],"line":81},"9":{"loc":{"start":{"line":92,"column":28},"end":{"line":92,"column":74}},"type":"binary-expr","locations":[{"start":{"line":92,"column":28},"end":{"line":92,"column":55}},{"start":{"line":92,"column":59},"end":{"line":92,"column":74}}],"line":92},"10":{"loc":{"start":{"line":93,"column":14},"end":{"line":93,"column":27}},"type":"default-arg","locations":[{"start":{"line":93,"column":25},"end":{"line":93,"column":27}}],"line":93},"11":{"loc":{"start":{"line":95,"column":22},"end":{"line":95,"column":72}},"type":"binary-expr","locations":[{"start":{"line":95,"column":22},"end":{"line":95,"column":48}},{"start":{"line":95,"column":52},"end":{"line":95,"column":72}}],"line":95},"12":{"loc":{"start":{"line":112,"column":58},"end":{"line":112,"column":77}},"type":"binary-expr","locations":[{"start":{"line":112,"column":58},"end":{"line":112,"column":71}},{"start":{"line":112,"column":75},"end":{"line":112,"column":77}}],"line":112}},"s":{"0":13,"1":4,"2":12,"3":12,"4":12,"5":12,"6":11,"7":1,"8":19,"9":19,"10":19,"11":0,"12":19,"13":19,"14":9,"15":9,"16":3,"17":16,"18":8,"19":8,"20":0,"21":0,"22":0,"23":0,"24":0,"25":0,"26":0,"27":0,"28":0,"29":0,"30":0,"31":0,"32":0,"33":0,"34":0,"35":0,"36":0,"37":13},"f":{"0":4,"1":12,"2":19,"3":0,"4":0,"5":0,"6":0,"7":0,"8":0,"9":0},"b":{"0":[11],"1":[11],"2":[12,0],"3":[0,19],"4":[19,0],"5":[3,0],"6":[2,1],"7":[2,1],"8":[8,8],"9":[0,0],"10":[0],"11":[0,0],"12":[0,0]},"_coverageSchema":"1a1c01bbd47fc00a2c39e90264f33305004495a9","hash":"5feb58ee954e7c762f3e08fae506bec7736ce8c3"}
,"/Users/neubrihidayah/Downloads/chiral-dev/server/helpers/bcrypt.js": {"path":"/Users/neubrihidayah/Downloads/chiral-dev/server/helpers/bcrypt.js","statementMap":{"0":{"start":{"line":1,"column":15},"end":{"line":1,"column":34}},"1":{"start":{"line":3,"column":21},"end":{"line":5,"column":1}},"2":{"start":{"line":4,"column":2},"end":{"line":4,"column":39}},"3":{"start":{"line":7,"column":24},"end":{"line":9,"column":1}},"4":{"start":{"line":8,"column":2},"end":{"line":8,"column":54}},"5":{"start":{"line":11,"column":0},"end":{"line":14,"column":2}}},"fnMap":{"0":{"name":"(anonymous_0)","decl":{"start":{"line":3,"column":21},"end":{"line":3,"column":22}},"loc":{"start":{"line":3,"column":35},"end":{"line":5,"column":1}},"line":3},"1":{"name":"(anonymous_1)","decl":{"start":{"line":7,"column":24},"end":{"line":7,"column":25}},"loc":{"start":{"line":7,"column":54},"end":{"line":9,"column":1}},"line":7}},"branchMap":{},"s":{"0":14,"1":14,"2":18,"3":14,"4":7,"5":14},"f":{"0":18,"1":7},"b":{},"_coverageSchema":"1a1c01bbd47fc00a2c39e90264f33305004495a9","hash":"d40ce655a1af9f92366738429008322e63638bcd"}
,"/Users/neubrihidayah/Downloads/chiral-dev/server/helpers/gemini.js": {"path":"/Users/neubrihidayah/Downloads/chiral-dev/server/helpers/gemini.js","statementMap":{"0":{"start":{"line":1,"column":31},"end":{"line":1,"column":63}},"1":{"start":{"line":5,"column":4},"end":{"line":5,"column":68}},"2":{"start":{"line":6,"column":4},"end":{"line":6,"column":78}},"3":{"start":{"line":10,"column":4},"end":{"line":44,"column":5}},"4":{"start":{"line":11,"column":21},"end":{"line":24,"column":7}},"5":{"start":{"line":26,"column":21},"end":{"line":26,"column":61}},"6":{"start":{"line":27,"column":23},"end":{"line":27,"column":44}},"7":{"start":{"line":28,"column":6},"end":{"line":28,"column":29}},"8":{"start":{"line":30,"column":6},"end":{"line":30,"column":48}},"9":{"start":{"line":33,"column":6},"end":{"line":35,"column":7}},"10":{"start":{"line":34,"column":8},"end":{"line":34,"column":72}},"11":{"start":{"line":36,"column":6},"end":{"line":38,"column":7}},"12":{"start":{"line":37,"column":8},"end":{"line":37,"column":72}},"13":{"start":{"line":39,"column":6},"end":{"line":41,"column":7}},"14":{"start":{"line":40,"column":8},"end":{"line":40,"column":58}},"15":{"start":{"line":43,"column":6},"end":{"line":43,"column":56}},"16":{"start":{"line":48,"column":4},"end":{"line":92,"column":5}},"17":{"start":{"line":49,"column":21},"end":{"line":74,"column":7}},"18":{"start":{"line":76,"column":21},"end":{"line":76,"column":61}},"19":{"start":{"line":77,"column":23},"end":{"line":77,"column":44}},"20":{"start":{"line":78,"column":26},"end":{"line":78,"column":41}},"21":{"start":{"line":80,"column":6},"end":{"line":88,"column":7}},"22":{"start":{"line":81,"column":8},"end":{"line":81,"column":39}},"23":{"start":{"line":83,"column":8},"end":{"line":87,"column":10}},"24":{"start":{"line":90,"column":6},"end":{"line":90,"column":48}},"25":{"start":{"line":91,"column":6},"end":{"line":91,"column":65}},"26":{"start":{"line":96,"column":4},"end":{"line":139,"column":5}},"27":{"start":{"line":97,"column":21},"end":{"line":121,"column":7}},"28":{"start":{"line":123,"column":21},"end":{"line":123,"column":61}},"29":{"start":{"line":124,"column":23},"end":{"line":124,"column":44}},"30":{"start":{"line":125,"column":19},"end":{"line":125,"column":34}},"31":{"start":{"line":127,"column":6},"end":{"line":135,"column":7}},"32":{"start":{"line":128,"column":8},"end":{"line":128,"column":32}},"33":{"start":{"line":130,"column":8},"end":{"line":134,"column":10}},"34":{"start":{"line":137,"column":6},"end":{"line":137,"column":48}},"35":{"start":{"line":138,"column":6},"end":{"line":138,"column":49}},"36":{"start":{"line":143,"column":4},"end":{"line":180,"column":5}},"37":{"start":{"line":144,"column":24},"end":{"line":148,"column":7}},"38":{"start":{"line":150,"column":21},"end":{"line":163,"column":7}},"39":{"start":{"line":165,"column":21},"end":{"line":165,"column":61}},"40":{"start":{"line":166,"column":23},"end":{"line":166,"column":44}},"41":{"start":{"line":167,"column":22},"end":{"line":167,"column":37}},"42":{"start":{"line":169,"column":6},"end":{"line":176,"column":8}},"43":{"start":{"line":178,"column":6},"end":{"line":178,"column":48}},"44":{"start":{"line":179,"column":6},"end":{"line":179,"column":52}},"45":{"start":{"line":184,"column":0},"end":{"line":184,"column":36}}},"fnMap":{"0":{"name":"(anonymous_0)","decl":{"start":{"line":4,"column":2},"end":{"line":4,"column":3}},"loc":{"start":{"line":4,"column":16},"end":{"line":7,"column":3}},"line":4},"1":{"name":"(anonymous_1)","decl":{"start":{"line":9,"column":2},"end":{"line":9,"column":3}},"loc":{"start":{"line":9,"column":53},"end":{"line":45,"column":3}},"line":9},"2":{"name":"(anonymous_2)","decl":{"start":{"line":47,"column":2},"end":{"line":47,"column":3}},"loc":{"start":{"line":47,"column":61},"end":{"line":93,"column":3}},"line":47},"3":{"name":"(anonymous_3)","decl":{"start":{"line":95,"column":2},"end":{"line":95,"column":3}},"loc":{"start":{"line":95,"column":51},"end":{"line":140,"column":3}},"line":95},"4":{"name":"(anonymous_4)","decl":{"start":{"line":142,"column":2},"end":{"line":142,"column":3}},"loc":{"start":{"line":142,"column":53},"end":{"line":181,"column":3}},"line":142}},"branchMap":{"0":{"loc":{"start":{"line":9,"column":37},"end":{"line":9,"column":51}},"type":"default-arg","locations":[{"start":{"line":9,"column":47},"end":{"line":9,"column":51}}],"line":9},"1":{"loc":{"start":{"line":13,"column":10},"end":{"line":13,"column":48}},"type":"cond-expr","locations":[{"start":{"line":13,"column":20},"end":{"line":13,"column":43}},{"start":{"line":13,"column":46},"end":{"line":13,"column":48}}],"line":13},"2":{"loc":{"start":{"line":33,"column":6},"end":{"line":35,"column":7}},"type":"if","locations":[{"start":{"line":33,"column":6},"end":{"line":35,"column":7}},{"start":{},"end":{}}],"line":33},"3":{"loc":{"start":{"line":36,"column":6},"end":{"line":38,"column":7}},"type":"if","locations":[{"start":{"line":36,"column":6},"end":{"line":38,"column":7}},{"start":{},"end":{}}],"line":36},"4":{"loc":{"start":{"line":39,"column":6},"end":{"line":41,"column":7}},"type":"if","locations":[{"start":{"line":39,"column":6},"end":{"line":41,"column":7}},{"start":{},"end":{}}],"line":39},"5":{"loc":{"start":{"line":47,"column":36},"end":{"line":47,"column":59}},"type":"default-arg","locations":[{"start":{"line":47,"column":51},"end":{"line":47,"column":59}}],"line":47},"6":{"loc":{"start":{"line":95,"column":30},"end":{"line":95,"column":49}},"type":"default-arg","locations":[{"start":{"line":95,"column":43},"end":{"line":95,"column":49}}],"line":95},"7":{"loc":{"start":{"line":142,"column":34},"end":{"line":142,"column":51}},"type":"default-arg","locations":[{"start":{"line":142,"column":43},"end":{"line":142,"column":51}}],"line":142},"8":{"loc":{"start":{"line":151,"column":43},"end":{"line":151,"column":78}},"type":"binary-expr","locations":[{"start":{"line":151,"column":43},"end":{"line":151,"column":60}},{"start":{"line":151,"column":64},"end":{"line":151,"column":78}}],"line":151}},"s":{"0":14,"1":18,"2":18,"3":6,"4":6,"5":6,"6":0,"7":0,"8":6,"9":6,"10":1,"11":5,"12":1,"13":4,"14":3,"15":1,"16":0,"17":0,"18":0,"19":0,"20":0,"21":0,"22":0,"23":0,"24":0,"25":0,"26":0,"27":0,"28":0,"29":0,"30":0,"31":0,"32":0,"33":0,"34":0,"35":0,"36":0,"37":0,"38":0,"39":0,"40":0,"41":0,"42":0,"43":0,"44":0,"45":14},"f":{"0":18,"1":6,"2":0,"3":0,"4":0},"b":{"0":[4],"1":[1,5],"2":[1,5],"3":[1,4],"4":[3,1],"5":[0],"6":[0],"7":[0],"8":[0,0]},"_coverageSchema":"1a1c01bbd47fc00a2c39e90264f33305004495a9","hash":"35a709561d50236ccfcbe2a88e8a6449ee9d14bb"}
,"/Users/neubrihidayah/Downloads/chiral-dev/server/helpers/googleAuth.js": {"path":"/Users/neubrihidayah/Downloads/chiral-dev/server/helpers/googleAuth.js","statementMap":{"0":{"start":{"line":1,"column":25},"end":{"line":1,"column":55}},"1":{"start":{"line":5,"column":4},"end":{"line":5,"column":65}},"2":{"start":{"line":9,"column":4},"end":{"line":30,"column":5}},"3":{"start":{"line":10,"column":21},"end":{"line":13,"column":8}},"4":{"start":{"line":15,"column":22},"end":{"line":15,"column":41}},"5":{"start":{"line":17,"column":6},"end":{"line":23,"column":8}},"6":{"start":{"line":25,"column":6},"end":{"line":29,"column":8}},"7":{"start":{"line":34,"column":0},"end":{"line":34,"column":40}}},"fnMap":{"0":{"name":"(anonymous_0)","decl":{"start":{"line":4,"column":2},"end":{"line":4,"column":3}},"loc":{"start":{"line":4,"column":16},"end":{"line":6,"column":3}},"line":4},"1":{"name":"(anonymous_1)","decl":{"start":{"line":8,"column":2},"end":{"line":8,"column":3}},"loc":{"start":{"line":8,"column":29},"end":{"line":31,"column":3}},"line":8}},"branchMap":{},"s":{"0":14,"1":14,"2":2,"3":2,"4":1,"5":1,"6":1,"7":14},"f":{"0":14,"1":2},"b":{},"_coverageSchema":"1a1c01bbd47fc00a2c39e90264f33305004495a9","hash":"96f33ecf41d073af578d509a8c22cebddbdea67e"}
,"/Users/neubrihidayah/Downloads/chiral-dev/server/helpers/jwt.js": {"path":"/Users/neubrihidayah/Downloads/chiral-dev/server/helpers/jwt.js","statementMap":{"0":{"start":{"line":1,"column":12},"end":{"line":1,"column":35}},"1":{"start":{"line":3,"column":18},"end":{"line":5,"column":1}},"2":{"start":{"line":4,"column":2},"end":{"line":4,"column":51}},"3":{"start":{"line":7,"column":20},"end":{"line":9,"column":1}},"4":{"start":{"line":8,"column":2},"end":{"line":8,"column":51}},"5":{"start":{"line":11,"column":0},"end":{"line":14,"column":2}}},"fnMap":{"0":{"name":"(anonymous_0)","decl":{"start":{"line":3,"column":18},"end":{"line":3,"column":19}},"loc":{"start":{"line":3,"column":31},"end":{"line":5,"column":1}},"line":3},"1":{"name":"(anonymous_1)","decl":{"start":{"line":7,"column":20},"end":{"line":7,"column":21}},"loc":{"start":{"line":7,"column":31},"end":{"line":9,"column":1}},"line":7}},"branchMap":{},"s":{"0":14,"1":14,"2":6,"3":14,"4":2,"5":14},"f":{"0":6,"1":2},"b":{},"_coverageSchema":"1a1c01bbd47fc00a2c39e90264f33305004495a9","hash":"b836b785a5ffeb4c61d21fa30d5a0a1bb223b2a8"}
,"/Users/neubrihidayah/Downloads/chiral-dev/server/middlewares/authentication.js": {"path":"/Users/neubrihidayah/Downloads/chiral-dev/server/middlewares/authentication.js","statementMap":{"0":{"start":{"line":1,"column":12},"end":{"line":1,"column":35}},"1":{"start":{"line":2,"column":17},"end":{"line":2,"column":37}},"2":{"start":{"line":4,"column":26},"end":{"line":31,"column":1}},"3":{"start":{"line":5,"column":2},"end":{"line":30,"column":3}},"4":{"start":{"line":6,"column":23},"end":{"line":6,"column":48}},"5":{"start":{"line":7,"column":18},"end":{"line":7,"column":56}},"6":{"start":{"line":9,"column":4},"end":{"line":11,"column":5}},"7":{"start":{"line":10,"column":6},"end":{"line":10,"column":71}},"8":{"start":{"line":13,"column":20},"end":{"line":13,"column":61}},"9":{"start":{"line":16,"column":17},"end":{"line":16,"column":48}},"10":{"start":{"line":17,"column":4},"end":{"line":19,"column":5}},"11":{"start":{"line":18,"column":6},"end":{"line":18,"column":63}},"12":{"start":{"line":21,"column":4},"end":{"line":21,"column":20}},"13":{"start":{"line":22,"column":4},"end":{"line":22,"column":11}},"14":{"start":{"line":24,"column":4},"end":{"line":28,"column":5}},"15":{"start":{"line":25,"column":6},"end":{"line":25,"column":38}},"16":{"start":{"line":26,"column":11},"end":{"line":28,"column":5}},"17":{"start":{"line":27,"column":6},"end":{"line":27,"column":38}},"18":{"start":{"line":29,"column":4},"end":{"line":29,"column":16}},"19":{"start":{"line":33,"column":21},"end":{"line":51,"column":1}},"20":{"start":{"line":34,"column":2},"end":{"line":50,"column":3}},"21":{"start":{"line":35,"column":23},"end":{"line":35,"column":48}},"22":{"start":{"line":36,"column":18},"end":{"line":36,"column":56}},"23":{"start":{"line":38,"column":4},"end":{"line":44,"column":5}},"24":{"start":{"line":39,"column":22},"end":{"line":39,"column":63}},"25":{"start":{"line":40,"column":19},"end":{"line":40,"column":50}},"26":{"start":{"line":41,"column":6},"end":{"line":43,"column":7}},"27":{"start":{"line":42,"column":8},"end":{"line":42,"column":24}},"28":{"start":{"line":46,"column":4},"end":{"line":46,"column":11}},"29":{"start":{"line":49,"column":4},"end":{"line":49,"column":11}},"30":{"start":{"line":53,"column":0},"end":{"line":56,"column":2}}},"fnMap":{"0":{"name":"(anonymous_0)","decl":{"start":{"line":4,"column":26},"end":{"line":4,"column":27}},"loc":{"start":{"line":4,"column":52},"end":{"line":31,"column":1}},"line":4},"1":{"name":"(anonymous_1)","decl":{"start":{"line":33,"column":21},"end":{"line":33,"column":22}},"loc":{"start":{"line":33,"column":47},"end":{"line":51,"column":1}},"line":33}},"branchMap":{"0":{"loc":{"start":{"line":7,"column":18},"end":{"line":7,"column":56}},"type":"binary-expr","locations":[{"start":{"line":7,"column":18},"end":{"line":7,"column":28}},{"start":{"line":7,"column":32},"end":{"line":7,"column":56}}],"line":7},"1":{"loc":{"start":{"line":9,"column":4},"end":{"line":11,"column":5}},"type":"if","locations":[{"start":{"line":9,"column":4},"end":{"line":11,"column":5}},{"start":{},"end":{}}],"line":9},"2":{"loc":{"start":{"line":17,"column":4},"end":{"line":19,"column":5}},"type":"if","locations":[{"start":{"line":17,"column":4},"end":{"line":19,"column":5}},{"start":{},"end":{}}],"line":17},"3":{"loc":{"start":{"line":24,"column":4},"end":{"line":28,"column":5}},"type":"if","locations":[{"start":{"line":24,"column":4},"end":{"line":28,"column":5}},{"start":{"line":26,"column":11},"end":{"line":28,"column":5}}],"line":24},"4":{"loc":{"start":{"line":26,"column":11},"end":{"line":28,"column":5}},"type":"if","locations":[{"start":{"line":26,"column":11},"end":{"line":28,"column":5}},{"start":{},"end":{}}],"line":26},"5":{"loc":{"start":{"line":36,"column":18},"end":{"line":36,"column":56}},"type":"binary-expr","locations":[{"start":{"line":36,"column":18},"end":{"line":36,"column":28}},{"start":{"line":36,"column":32},"end":{"line":36,"column":56}}],"line":36},"6":{"loc":{"start":{"line":38,"column":4},"end":{"line":44,"column":5}},"type":"if","locations":[{"start":{"line":38,"column":4},"end":{"line":44,"column":5}},{"start":{},"end":{}}],"line":38},"7":{"loc":{"start":{"line":41,"column":6},"end":{"line":43,"column":7}},"type":"if","locations":[{"start":{"line":41,"column":6},"end":{"line":43,"column":7}},{"start":{},"end":{}}],"line":41}},"s":{"0":14,"1":14,"2":14,"3":183,"4":183,"5":183,"6":183,"7":13,"8":170,"9":146,"10":146,"11":14,"12":132,"13":132,"14":51,"15":24,"16":27,"17":0,"18":51,"19":14,"20":3,"21":3,"22":3,"23":3,"24":2,"25":1,"26":1,"27":1,"28":2,"29":1,"30":14},"f":{"0":183,"1":3},"b":{"0":[183,170],"1":[13,170],"2":[14,132],"3":[24,27],"4":[0,27],"5":[3,2],"6":[2,1],"7":[1,0]},"_coverageSchema":"1a1c01bbd47fc00a2c39e90264f33305004495a9","hash":"b8989c469b81009144ce60af17aad80ee228dc3f"}
,"/Users/neubrihidayah/Downloads/chiral-dev/server/middlewares/errorHandler.js": {"path":"/Users/neubrihidayah/Downloads/chiral-dev/server/middlewares/errorHandler.js","statementMap":{"0":{"start":{"line":3,"column":2},"end":{"line":5,"column":3}},"1":{"start":{"line":4,"column":4},"end":{"line":4,"column":35}},"2":{"start":{"line":7,"column":2},"end":{"line":51,"column":3}},"3":{"start":{"line":10,"column":6},"end":{"line":10,"column":65}},"4":{"start":{"line":11,"column":6},"end":{"line":11,"column":12}},"5":{"start":{"line":13,"column":6},"end":{"line":13,"column":67}},"6":{"start":{"line":14,"column":6},"end":{"line":14,"column":12}},"7":{"start":{"line":16,"column":6},"end":{"line":16,"column":70}},"8":{"start":{"line":17,"column":6},"end":{"line":17,"column":12}},"9":{"start":{"line":19,"column":6},"end":{"line":19,"column":55}},"10":{"start":{"line":20,"column":6},"end":{"line":20,"column":12}},"11":{"start":{"line":22,"column":6},"end":{"line":22,"column":55}},"12":{"start":{"line":23,"column":6},"end":{"line":23,"column":12}},"13":{"start":{"line":25,"column":6},"end":{"line":25,"column":55}},"14":{"start":{"line":26,"column":6},"end":{"line":26,"column":12}},"15":{"start":{"line":28,"column":6},"end":{"line":28,"column":55}},"16":{"start":{"line":29,"column":6},"end":{"line":29,"column":12}},"17":{"start":{"line":31,"column":6},"end":{"line":31,"column":57}},"18":{"start":{"line":32,"column":6},"end":{"line":32,"column":12}},"19":{"start":{"line":34,"column":6},"end":{"line":34,"column":57}},"20":{"start":{"line":35,"column":6},"end":{"line":35,"column":12}},"21":{"start":{"line":37,"column":6},"end":{"line":37,"column":69}},"22":{"start":{"line":38,"column":6},"end":{"line":38,"column":12}},"23":{"start":{"line":40,"column":6},"end":{"line":40,"column":55}},"24":{"start":{"line":41,"column":6},"end":{"line":41,"column":12}},"25":{"start":{"line":46,"column":8},"end":{"line":48,"column":52}},"26":{"start":{"line":49,"column":6},"end":{"line":49,"column":40}},"27":{"start":{"line":50,"column":6},"end":{"line":50,"column":12}},"28":{"start":{"line":54,"column":0},"end":{"line":54,"column":30}}},"fnMap":{"0":{"name":"errorHandler","decl":{"start":{"line":1,"column":9},"end":{"line":1,"column":21}},"loc":{"start":{"line":1,"column":45},"end":{"line":52,"column":1}},"line":1}},"branchMap":{"0":{"loc":{"start":{"line":3,"column":2},"end":{"line":5,"column":3}},"type":"if","locations":[{"start":{"line":3,"column":2},"end":{"line":5,"column":3}},{"start":{},"end":{}}],"line":3},"1":{"loc":{"start":{"line":7,"column":2},"end":{"line":51,"column":3}},"type":"switch","locations":[{"start":{"line":8,"column":4},"end":{"line":8,"column":36}},{"start":{"line":9,"column":4},"end":{"line":11,"column":12}},{"start":{"line":12,"column":4},"end":{"line":14,"column":12}},{"start":{"line":15,"column":4},"end":{"line":17,"column":12}},{"start":{"line":18,"column":4},"end":{"line":20,"column":12}},{"start":{"line":21,"column":4},"end":{"line":23,"column":12}},{"start":{"line":24,"column":4},"end":{"line":26,"column":12}},{"start":{"line":27,"column":4},"end":{"line":29,"column":12}},{"start":{"line":30,"column":4},"end":{"line":32,"column":12}},{"start":{"line":33,"column":4},"end":{"line":35,"column":12}},{"start":{"line":36,"column":4},"end":{"line":38,"column":12}},{"start":{"line":39,"column":4},"end":{"line":41,"column":12}},{"start":{"line":43,"column":4},"end":{"line":50,"column":12}}],"line":7},"2":{"loc":{"start":{"line":46,"column":8},"end":{"line":48,"column":52}},"type":"cond-expr","locations":[{"start":{"line":47,"column":12},"end":{"line":47,"column":35}},{"start":{"line":48,"column":12},"end":{"line":48,"column":52}}],"line":46},"3":{"loc":{"start":{"line":48,"column":12},"end":{"line":48,"column":52}},"type":"binary-expr","locations":[{"start":{"line":48,"column":12},"end":{"line":48,"column":25}},{"start":{"line":48,"column":29},"end":{"line":48,"column":52}}],"line":48}},"s":{"0":126,"1":125,"2":126,"3":4,"4":4,"5":4,"6":4,"7":1,"8":1,"9":24,"10":24,"11":22,"12":22,"13":29,"14":29,"15":1,"16":1,"17":24,"18":24,"19":1,"20":1,"21":1,"22":1,"23":1,"24":1,"25":14,"26":14,"27":14,"28":14},"f":{"0":126},"b":{"0":[125,1],"1":[2,4,4,1,24,22,29,1,24,1,1,1,14],"2":[1,13],"3":[13,0]},"_coverageSchema":"1a1c01bbd47fc00a2c39e90264f33305004495a9","hash":"af859927cbfccd38a9b486f8b4aeb6bda588232d"}
,"/Users/neubrihidayah/Downloads/chiral-dev/server/models/highlight.js": {"path":"/Users/neubrihidayah/Downloads/chiral-dev/server/models/highlight.js","statementMap":{"0":{"start":{"line":2,"column":18},"end":{"line":2,"column":38}},"1":{"start":{"line":4,"column":0},"end":{"line":109,"column":2}},"2":{"start":{"line":8,"column":6},"end":{"line":11,"column":9}},"3":{"start":{"line":15,"column":2},"end":{"line":106,"column":4}},"4":{"start":{"line":108,"column":2},"end":{"line":108,"column":19}}},"fnMap":{"0":{"name":"(anonymous_0)","decl":{"start":{"line":4,"column":17},"end":{"line":4,"column":18}},"loc":{"start":{"line":4,"column":43},"end":{"line":109,"column":1}},"line":4},"1":{"name":"(anonymous_1)","decl":{"start":{"line":6,"column":4},"end":{"line":6,"column":5}},"loc":{"start":{"line":6,"column":29},"end":{"line":12,"column":5}},"line":6}},"branchMap":{},"s":{"0":13,"1":13,"2":13,"3":13,"4":13},"f":{"0":13,"1":13},"b":{},"_coverageSchema":"1a1c01bbd47fc00a2c39e90264f33305004495a9","hash":"e2a78dec1bd51464b6f2adaa324a999e5aef81d5"}
,"/Users/neubrihidayah/Downloads/chiral-dev/server/models/index.js": {"path":"/Users/neubrihidayah/Downloads/chiral-dev/server/models/index.js","statementMap":{"0":{"start":{"line":3,"column":11},"end":{"line":3,"column":24}},"1":{"start":{"line":4,"column":13},"end":{"line":4,"column":28}},"2":{"start":{"line":5,"column":18},"end":{"line":5,"column":38}},"3":{"start":{"line":6,"column":16},"end":{"line":6,"column":34}},"4":{"start":{"line":7,"column":17},"end":{"line":7,"column":42}},"5":{"start":{"line":8,"column":12},"end":{"line":8,"column":49}},"6":{"start":{"line":9,"column":15},"end":{"line":9,"column":65}},"7":{"start":{"line":10,"column":11},"end":{"line":10,"column":13}},"8":{"start":{"line":13,"column":0},"end":{"line":17,"column":1}},"9":{"start":{"line":14,"column":2},"end":{"line":14,"column":74}},"10":{"start":{"line":16,"column":2},"end":{"line":16,"column":87}},"11":{"start":{"line":19,"column":0},"end":{"line":32,"column":5}},"12":{"start":{"line":22,"column":4},"end":{"line":27,"column":6}},"13":{"start":{"line":30,"column":18},"end":{"line":30,"column":85}},"14":{"start":{"line":31,"column":4},"end":{"line":31,"column":27}},"15":{"start":{"line":34,"column":0},"end":{"line":38,"column":3}},"16":{"start":{"line":35,"column":2},"end":{"line":37,"column":3}},"17":{"start":{"line":36,"column":4},"end":{"line":36,"column":32}},"18":{"start":{"line":40,"column":0},"end":{"line":40,"column":25}},"19":{"start":{"line":41,"column":0},"end":{"line":41,"column":25}},"20":{"start":{"line":43,"column":0},"end":{"line":43,"column":20}}},"fnMap":{"0":{"name":"(anonymous_0)","decl":{"start":{"line":21,"column":10},"end":{"line":21,"column":11}},"loc":{"start":{"line":21,"column":18},"end":{"line":28,"column":3}},"line":21},"1":{"name":"(anonymous_1)","decl":{"start":{"line":29,"column":11},"end":{"line":29,"column":12}},"loc":{"start":{"line":29,"column":19},"end":{"line":32,"column":3}},"line":29},"2":{"name":"(anonymous_2)","decl":{"start":{"line":34,"column":24},"end":{"line":34,"column":25}},"loc":{"start":{"line":34,"column":37},"end":{"line":38,"column":1}},"line":34}},"branchMap":{"0":{"loc":{"start":{"line":8,"column":12},"end":{"line":8,"column":49}},"type":"binary-expr","locations":[{"start":{"line":8,"column":12},"end":{"line":8,"column":32}},{"start":{"line":8,"column":36},"end":{"line":8,"column":49}}],"line":8},"1":{"loc":{"start":{"line":13,"column":0},"end":{"line":17,"column":1}},"type":"if","locations":[{"start":{"line":13,"column":0},"end":{"line":17,"column":1}},{"start":{"line":15,"column":7},"end":{"line":17,"column":1}}],"line":13},"2":{"loc":{"start":{"line":23,"column":6},"end":{"line":26,"column":37}},"type":"binary-expr","locations":[{"start":{"line":23,"column":6},"end":{"line":23,"column":29}},{"start":{"line":24,"column":6},"end":{"line":24,"column":23}},{"start":{"line":25,"column":6},"end":{"line":25,"column":30}},{"start":{"line":26,"column":6},"end":{"line":26,"column":37}}],"line":23},"3":{"loc":{"start":{"line":35,"column":2},"end":{"line":37,"column":3}},"type":"if","locations":[{"start":{"line":35,"column":2},"end":{"line":37,"column":3}},{"start":{},"end":{}}],"line":35}},"s":{"0":13,"1":13,"2":13,"3":13,"4":13,"5":13,"6":13,"7":13,"8":13,"9":0,"10":13,"11":13,"12":52,"13":39,"14":39,"15":13,"16":39,"17":39,"18":13,"19":13,"20":13},"f":{"0":52,"1":39,"2":39},"b":{"0":[13,0],"1":[0,13],"2":[52,52,39,39],"3":[39,0]},"_coverageSchema":"1a1c01bbd47fc00a2c39e90264f33305004495a9","hash":"c825c1005f27583258e26444cc6fae9d5399b29f"}
,"/Users/neubrihidayah/Downloads/chiral-dev/server/models/note.js": {"path":"/Users/neubrihidayah/Downloads/chiral-dev/server/models/note.js","statementMap":{"0":{"start":{"line":2,"column":18},"end":{"line":2,"column":38}},"1":{"start":{"line":3,"column":0},"end":{"line":93,"column":2}},"2":{"start":{"line":12,"column":6},"end":{"line":12,"column":60}},"3":{"start":{"line":15,"column":2},"end":{"line":91,"column":4}},"4":{"start":{"line":31,"column":12},"end":{"line":35,"column":13}},"5":{"start":{"line":32,"column":14},"end":{"line":34,"column":16}},"6":{"start":{"line":44,"column":12},"end":{"line":46,"column":13}},"7":{"start":{"line":45,"column":14},"end":{"line":45,"column":77}},"8":{"start":{"line":59,"column":12},"end":{"line":61,"column":13}},"9":{"start":{"line":60,"column":14},"end":{"line":60,"column":73}},"10":{"start":{"line":70,"column":12},"end":{"line":72,"column":13}},"11":{"start":{"line":71,"column":14},"end":{"line":71,"column":75}},"12":{"start":{"line":92,"column":2},"end":{"line":92,"column":14}}},"fnMap":{"0":{"name":"(anonymous_0)","decl":{"start":{"line":3,"column":17},"end":{"line":3,"column":18}},"loc":{"start":{"line":3,"column":43},"end":{"line":93,"column":1}},"line":3},"1":{"name":"(anonymous_1)","decl":{"start":{"line":10,"column":4},"end":{"line":10,"column":5}},"loc":{"start":{"line":10,"column":29},"end":{"line":13,"column":5}},"line":10},"2":{"name":"(anonymous_2)","decl":{"start":{"line":30,"column":10},"end":{"line":30,"column":11}},"loc":{"start":{"line":30,"column":34},"end":{"line":36,"column":11}},"line":30},"3":{"name":"(anonymous_3)","decl":{"start":{"line":43,"column":10},"end":{"line":43,"column":11}},"loc":{"start":{"line":43,"column":34},"end":{"line":47,"column":11}},"line":43},"4":{"name":"(anonymous_4)","decl":{"start":{"line":58,"column":10},"end":{"line":58,"column":11}},"loc":{"start":{"line":58,"column":34},"end":{"line":62,"column":11}},"line":58},"5":{"name":"(anonymous_5)","decl":{"start":{"line":69,"column":10},"end":{"line":69,"column":11}},"loc":{"start":{"line":69,"column":34},"end":{"line":73,"column":11}},"line":69}},"branchMap":{"0":{"loc":{"start":{"line":31,"column":12},"end":{"line":35,"column":13}},"type":"if","locations":[{"start":{"line":31,"column":12},"end":{"line":35,"column":13}},{"start":{},"end":{}}],"line":31},"1":{"loc":{"start":{"line":31,"column":16},"end":{"line":31,"column":55}},"type":"binary-expr","locations":[{"start":{"line":31,"column":16},"end":{"line":31,"column":45}},{"start":{"line":31,"column":49},"end":{"line":31,"column":55}}],"line":31},"2":{"loc":{"start":{"line":44,"column":12},"end":{"line":46,"column":13}},"type":"if","locations":[{"start":{"line":44,"column":12},"end":{"line":46,"column":13}},{"start":{},"end":{}}],"line":44},"3":{"loc":{"start":{"line":44,"column":16},"end":{"line":44,"column":55}},"type":"binary-expr","locations":[{"start":{"line":44,"column":16},"end":{"line":44,"column":45}},{"start":{"line":44,"column":49},"end":{"line":44,"column":55}}],"line":44},"4":{"loc":{"start":{"line":59,"column":12},"end":{"line":61,"column":13}},"type":"if","locations":[{"start":{"line":59,"column":12},"end":{"line":61,"column":13}},{"start":{},"end":{}}],"line":59},"5":{"loc":{"start":{"line":59,"column":16},"end":{"line":59,"column":57}},"type":"binary-expr","locations":[{"start":{"line":59,"column":16},"end":{"line":59,"column":47}},{"start":{"line":59,"column":51},"end":{"line":59,"column":57}}],"line":59},"6":{"loc":{"start":{"line":70,"column":12},"end":{"line":72,"column":13}},"type":"if","locations":[{"start":{"line":70,"column":12},"end":{"line":72,"column":13}},{"start":{},"end":{}}],"line":70},"7":{"loc":{"start":{"line":70,"column":16},"end":{"line":70,"column":57}},"type":"binary-expr","locations":[{"start":{"line":70,"column":16},"end":{"line":70,"column":47}},{"start":{"line":70,"column":51},"end":{"line":70,"column":57}}],"line":70}},"s":{"0":13,"1":13,"2":13,"3":13,"4":22,"5":0,"6":21,"7":0,"8":21,"9":0,"10":20,"11":0,"12":13},"f":{"0":13,"1":13,"2":22,"3":21,"4":21,"5":20},"b":{"0":[0,22],"1":[22,12],"2":[0,21],"3":[21,11],"4":[0,21],"5":[21,12],"6":[0,20],"7":[20,11]},"_coverageSchema":"1a1c01bbd47fc00a2c39e90264f33305004495a9","hash":"fc4b18ff9cc6bab897287d448ed923cf709d9979"}
,"/Users/neubrihidayah/Downloads/chiral-dev/server/models/user.js": {"path":"/Users/neubrihidayah/Downloads/chiral-dev/server/models/user.js","statementMap":{"0":{"start":{"line":2,"column":18},"end":{"line":2,"column":38}},"1":{"start":{"line":3,"column":25},"end":{"line":3,"column":53}},"2":{"start":{"line":5,"column":0},"end":{"line":90,"column":2}},"3":{"start":{"line":14,"column":6},"end":{"line":18,"column":9}},"4":{"start":{"line":21,"column":2},"end":{"line":88,"column":4}},"5":{"start":{"line":77,"column":10},"end":{"line":79,"column":11}},"6":{"start":{"line":78,"column":12},"end":{"line":78,"column":56}},"7":{"start":{"line":82,"column":10},"end":{"line":84,"column":11}},"8":{"start":{"line":83,"column":12},"end":{"line":83,"column":56}},"9":{"start":{"line":89,"column":2},"end":{"line":89,"column":14}}},"fnMap":{"0":{"name":"(anonymous_0)","decl":{"start":{"line":5,"column":17},"end":{"line":5,"column":18}},"loc":{"start":{"line":5,"column":43},"end":{"line":90,"column":1}},"line":5},"1":{"name":"(anonymous_1)","decl":{"start":{"line":12,"column":4},"end":{"line":12,"column":5}},"loc":{"start":{"line":12,"column":29},"end":{"line":19,"column":5}},"line":12},"2":{"name":"(anonymous_2)","decl":{"start":{"line":76,"column":22},"end":{"line":76,"column":23}},"loc":{"start":{"line":76,"column":32},"end":{"line":80,"column":9}},"line":76},"3":{"name":"(anonymous_3)","decl":{"start":{"line":81,"column":22},"end":{"line":81,"column":23}},"loc":{"start":{"line":81,"column":32},"end":{"line":85,"column":9}},"line":81}},"branchMap":{"0":{"loc":{"start":{"line":77,"column":10},"end":{"line":79,"column":11}},"type":"if","locations":[{"start":{"line":77,"column":10},"end":{"line":79,"column":11}},{"start":{},"end":{}}],"line":77},"1":{"loc":{"start":{"line":82,"column":10},"end":{"line":84,"column":11}},"type":"if","locations":[{"start":{"line":82,"column":10},"end":{"line":84,"column":11}},{"start":{},"end":{}}],"line":82}},"s":{"0":13,"1":13,"2":13,"3":13,"4":13,"5":15,"6":15,"7":3,"8":0,"9":13},"f":{"0":13,"1":13,"2":15,"3":3},"b":{"0":[15,0],"1":[0,3]},"_coverageSchema":"1a1c01bbd47fc00a2c39e90264f33305004495a9","hash":"a34d5a2035a90ff1b68cd6a44465a64342dd129f"}
}
