TN:
SF:app.js
FNF:0
FNH:0
DA:1,6
DA:2,6
DA:5,6
DA:6,6
DA:8,6
DA:9,6
DA:10,6
DA:11,6
DA:12,6
DA:13,6
DA:14,6
DA:16,6
DA:19,6
DA:20,6
DA:21,6
DA:24,6
DA:27,6
DA:28,6
DA:29,6
DA:32,6
DA:33,6
DA:34,6
DA:37,6
DA:40,6
DA:41,6
DA:44,6
DA:47,6
DA:48,6
DA:49,6
DA:50,6
DA:51,6
DA:54,6
DA:55,6
DA:56,6
DA:57,6
DA:58,6
DA:59,6
DA:60,6
DA:66,6
DA:68,6
DA:69,6
DA:71,6
DA:73,6
LF:43
LH:43
BRDA:1,0,0,6
BRDA:1,0,1,0
BRF:2
BRH:1
end_of_record
TN:
SF:controllers/authController.js
FN:7,(anonymous_0)
FN:53,(anonymous_1)
FN:98,(anonymous_2)
FN:151,(anonymous_3)
FN:183,(anonymous_4)
FNF:5
FNH:2
FNDA:10,(anonymous_0)
FNDA:10,(anonymous_1)
FNDA:0,(anonymous_2)
FNDA:0,(anonymous_3)
FNDA:0,(anonymous_4)
DA:1,6
DA:2,6
DA:3,6
DA:4,6
DA:8,10
DA:9,10
DA:11,10
DA:12,1
DA:15,9
DA:16,1
DA:19,8
DA:20,1
DA:24,7
DA:25,7
DA:26,2
DA:27,2
DA:28,0
DA:30,0
DA:34,7
DA:41,2
DA:42,2
DA:44,2
DA:49,8
DA:54,10
DA:55,10
DA:57,10
DA:58,1
DA:61,9
DA:62,1
DA:65,8
DA:71,8
DA:72,2
DA:75,6
DA:77,6
DA:78,1
DA:81,5
DA:83,5
DA:84,5
DA:85,5
DA:86,5
DA:88,5
DA:94,5
DA:99,0
DA:100,0
DA:102,0
DA:103,0
DA:107,0
DA:110,0
DA:116,0
DA:118,0
DA:127,0
DA:128,0
DA:129,0
DA:130,0
DA:135,0
DA:138,0
DA:139,0
DA:141,0
DA:147,0
DA:152,0
DA:153,0
DA:156,0
DA:157,0
DA:158,0
DA:159,0
DA:160,0
DA:162,0
DA:166,0
DA:167,0
DA:168,0
DA:171,0
DA:172,0
DA:174,0
DA:179,0
DA:184,0
DA:185,0
DA:189,0
DA:190,0
DA:193,0
DA:195,0
DA:200,6
LF:81
LH:41
BRDA:11,0,0,1
BRDA:11,0,1,9
BRDA:15,1,0,1
BRDA:15,1,1,8
BRDA:19,2,0,1
BRDA:19,2,1,7
BRDA:25,3,0,2
BRDA:25,3,1,5
BRDA:26,4,0,2
BRDA:26,4,1,0
BRDA:28,5,0,0
BRDA:28,5,1,0
BRDA:57,6,0,1
BRDA:57,6,1,9
BRDA:61,7,0,1
BRDA:61,7,1,8
BRDA:71,8,0,2
BRDA:71,8,1,6
BRDA:77,9,0,1
BRDA:77,9,1,5
BRDA:102,10,0,0
BRDA:102,10,1,0
BRDA:116,11,0,0
BRDA:116,11,1,0
BRDA:127,12,0,0
BRDA:127,12,1,0
BRDA:129,13,0,0
BRDA:129,13,1,0
BRDA:157,14,0,0
BRDA:157,14,1,0
BRDA:158,15,0,0
BRDA:158,15,1,0
BRDA:160,16,0,0
BRDA:160,16,1,0
BRDA:167,17,0,0
BRDA:167,17,1,0
BRDA:189,18,0,0
BRDA:189,18,1,0
BRF:38
BRH:17
end_of_record
TN:
SF:controllers/geminiController.js
FN:4,(anonymous_0)
FNF:1
FNH:1
FNDA:5,(anonymous_0)
DA:1,6
DA:5,5
DA:6,5
DA:9,5
DA:10,1
DA:14,4
DA:15,1
DA:21,3
DA:22,1
DA:29,2
DA:30,2
DA:32,2
DA:33,1
DA:39,1
DA:44,1
DA:51,4
DA:52,0
DA:53,0
DA:55,4
DA:60,6
LF:20
LH:18
BRDA:9,0,0,1
BRDA:9,0,1,4
BRDA:14,1,0,1
BRDA:14,1,1,3
BRDA:21,2,0,1
BRDA:21,2,1,2
BRDA:21,3,0,3
BRDA:21,3,1,2
BRDA:30,4,0,1
BRDA:30,4,1,1
BRDA:32,5,0,1
BRDA:32,5,1,1
BRDA:51,6,0,0
BRDA:51,6,1,4
BRF:14
BRH:13
end_of_record
TN:
SF:controllers/highlightController.js
FN:6,(anonymous_0)
FN:24,(anonymous_1)
FN:95,(anonymous_2)
FN:156,(anonymous_3)
FN:169,(anonymous_4)
FN:199,(anonymous_5)
FN:246,(anonymous_6)
FN:271,(anonymous_7)
FN:319,(anonymous_8)
FN:339,(anonymous_9)
FNF:10
FNH:6
FNDA:14,(anonymous_0)
FNDA:14,(anonymous_1)
FNDA:1,(anonymous_2)
FNDA:2,(anonymous_3)
FNDA:1,(anonymous_4)
FNDA:0,(anonymous_5)
FNDA:2,(anonymous_6)
FNDA:0,(anonymous_7)
FNDA:0,(anonymous_8)
FNDA:0,(anonymous_9)
DA:1,6
DA:2,6
DA:7,14
DA:25,14
DA:35,14
DA:38,14
DA:39,1
DA:42,13
DA:43,1
DA:47,12
DA:48,1
DA:55,11
DA:56,11
DA:58,11
DA:61,11
DA:62,2
DA:63,2
DA:68,0
DA:73,11
DA:86,11
DA:91,3
DA:96,1
DA:104,1
DA:106,1
DA:107,1
DA:110,1
DA:111,0
DA:115,1
DA:116,0
DA:120,1
DA:121,0
DA:122,0
DA:131,1
DA:133,0
DA:134,0
DA:137,1
DA:138,1
DA:141,1
DA:155,1
DA:157,2
DA:165,0
DA:170,1
DA:171,1
DA:173,1
DA:187,1
DA:188,0
DA:191,1
DA:195,0
DA:200,0
DA:201,0
DA:202,0
DA:204,0
DA:211,0
DA:212,0
DA:216,0
DA:217,0
DA:218,0
DA:223,0
DA:225,0
DA:226,0
DA:228,0
DA:229,0
DA:231,0
DA:232,0
DA:235,0
DA:237,0
DA:242,0
DA:247,2
DA:248,2
DA:250,2
DA:257,2
DA:258,1
DA:261,1
DA:263,1
DA:267,1
DA:272,0
DA:273,0
DA:274,0
DA:276,0
DA:283,0
DA:284,0
DA:288,0
DA:289,0
DA:297,0
DA:303,0
DA:304,0
DA:306,0
DA:315,0
DA:320,0
DA:321,0
DA:323,0
DA:338,0
DA:340,0
DA:346,0
DA:351,6
LF:95
LH:47
BRDA:34,0,0,4
BRDA:38,1,0,1
BRDA:38,1,1,13
BRDA:42,2,0,1
BRDA:42,2,1,12
BRDA:47,3,0,1
BRDA:47,3,1,11
BRDA:56,4,0,9
BRDA:56,4,1,2
BRDA:61,5,0,2
BRDA:61,5,1,9
BRDA:76,6,0,11
BRDA:76,6,1,0
BRDA:77,7,0,11
BRDA:77,7,1,0
BRDA:81,8,0,11
BRDA:81,8,1,2
BRDA:82,9,0,11
BRDA:82,9,1,2
BRDA:98,10,0,1
BRDA:99,11,0,1
BRDA:103,12,0,1
BRDA:110,13,0,0
BRDA:110,13,1,1
BRDA:115,14,0,0
BRDA:115,14,1,1
BRDA:120,15,0,0
BRDA:120,15,1,1
BRDA:131,16,0,0
BRDA:131,16,1,1
BRDA:131,16,2,1
BRDA:187,17,0,0
BRDA:187,17,1,1
BRDA:211,18,0,0
BRDA:211,18,1,0
BRDA:216,19,0,0
BRDA:216,19,1,0
BRDA:217,20,0,0
BRDA:217,20,1,0
BRDA:225,21,0,0
BRDA:225,21,1,0
BRDA:228,22,0,0
BRDA:228,22,1,0
BRDA:231,23,0,0
BRDA:231,23,1,0
BRDA:257,24,0,1
BRDA:257,24,1,1
BRDA:274,25,0,0
BRDA:283,26,0,0
BRDA:283,26,1,0
BRDA:288,27,0,0
BRDA:288,27,1,0
BRDA:288,28,0,0
BRDA:288,28,1,0
BRDA:310,29,0,0
BRDA:310,29,1,0
BRF:56
BRH:28
end_of_record
TN:
SF:controllers/noteController.js
FN:6,(anonymous_0)
FN:23,(anonymous_1)
FN:129,(anonymous_2)
FN:160,(anonymous_3)
FN:170,(anonymous_4)
FN:191,(anonymous_5)
FN:240,(anonymous_6)
FNF:7
FNH:5
FNDA:22,(anonymous_0)
FNDA:3,(anonymous_1)
FNDA:1,(anonymous_2)
FNDA:20,(anonymous_3)
FNDA:2,(anonymous_4)
FNDA:0,(anonymous_5)
FNDA:0,(anonymous_6)
DA:1,6
DA:2,6
DA:7,22
DA:24,3
DA:33,3
DA:36,3
DA:37,3
DA:38,1
DA:43,2
DA:44,1
DA:49,0
DA:50,0
DA:51,0
DA:56,0
DA:57,0
DA:65,1
DA:66,0
DA:72,1
DA:73,0
DA:79,1
DA:80,0
DA:86,1
DA:87,0
DA:93,1
DA:94,0
DA:101,1
DA:107,1
DA:108,1
DA:109,1
DA:110,0
DA:111,0
DA:112,0
DA:113,0
DA:118,1
DA:120,1
DA:125,2
DA:130,1
DA:131,1
DA:132,1
DA:135,1
DA:138,1
DA:139,0
DA:148,1
DA:149,0
DA:152,1
DA:159,1
DA:160,20
DA:166,0
DA:171,2
DA:172,2
DA:174,2
DA:181,2
DA:182,1
DA:185,1
DA:187,1
DA:192,0
DA:193,0
DA:201,0
DA:203,0
DA:210,0
DA:211,0
DA:215,0
DA:216,0
DA:217,0
DA:218,0
DA:219,0
DA:220,0
DA:221,0
DA:222,0
DA:223,0
DA:227,0
DA:229,0
DA:231,0
DA:236,0
DA:241,0
DA:242,0
DA:244,0
DA:251,0
DA:252,0
DA:255,0
DA:257,0
DA:259,0
DA:264,6
LF:83
LH:39
BRDA:26,0,0,3
BRDA:29,1,0,3
BRDA:36,2,0,3
BRDA:36,2,1,0
BRDA:37,3,0,1
BRDA:37,3,1,2
BRDA:43,4,0,1
BRDA:43,4,1,1
BRDA:49,5,0,0
BRDA:49,5,1,0
BRDA:50,6,0,0
BRDA:50,6,1,0
BRDA:56,7,0,0
BRDA:56,7,1,0
BRDA:65,8,0,0
BRDA:65,8,1,1
BRDA:65,9,0,1
BRDA:65,9,1,1
BRDA:72,10,0,0
BRDA:72,10,1,1
BRDA:72,11,0,1
BRDA:72,11,1,1
BRDA:79,12,0,0
BRDA:79,12,1,1
BRDA:79,13,0,1
BRDA:79,13,1,0
BRDA:86,14,0,0
BRDA:86,14,1,1
BRDA:86,15,0,1
BRDA:86,15,1,0
BRDA:93,16,0,0
BRDA:93,16,1,1
BRDA:93,17,0,1
BRDA:93,17,1,0
BRDA:107,18,0,1
BRDA:107,18,1,0
BRDA:110,19,0,0
BRDA:110,19,1,0
BRDA:113,20,0,0
BRDA:113,20,1,0
BRDA:131,21,0,1
BRDA:131,22,0,1
BRDA:138,23,0,0
BRDA:138,23,1,1
BRDA:148,24,0,0
BRDA:148,24,1,1
BRDA:181,25,0,1
BRDA:181,25,1,1
BRDA:210,26,0,0
BRDA:210,26,1,0
BRDA:215,27,0,0
BRDA:215,27,1,0
BRDA:216,28,0,0
BRDA:216,28,1,0
BRDA:217,29,0,0
BRDA:217,29,1,0
BRDA:218,30,0,0
BRDA:218,30,1,0
BRDA:219,31,0,0
BRDA:219,31,1,0
BRDA:221,32,0,0
BRDA:221,32,1,0
BRDA:222,33,0,0
BRDA:222,33,1,0
BRDA:227,34,0,0
BRDA:227,34,1,0
BRDA:251,35,0,0
BRDA:251,35,1,0
BRF:68
BRH:26
end_of_record
TN:
SF:controllers/pubController.js
FN:4,(anonymous_0)
FN:12,(anonymous_1)
FN:33,(anonymous_2)
FN:89,(anonymous_3)
FN:99,(anonymous_4)
FN:108,(anonymous_5)
FN:112,(anonymous_6)
FN:116,(anonymous_7)
FN:117,(anonymous_8)
FN:122,(anonymous_9)
FNF:10
FNH:3
FNDA:3,(anonymous_0)
FNDA:1,(anonymous_1)
FNDA:1,(anonymous_2)
FNDA:0,(anonymous_3)
FNDA:0,(anonymous_4)
FNDA:0,(anonymous_5)
FNDA:0,(anonymous_6)
FNDA:0,(anonymous_7)
FNDA:0,(anonymous_8)
FNDA:0,(anonymous_9)
DA:1,6
DA:5,3
DA:13,1
DA:14,1
DA:16,1
DA:17,1
DA:25,1
DA:30,0
DA:34,1
DA:35,1
DA:37,1
DA:38,0
DA:41,1
DA:42,1
DA:44,0
DA:47,0
DA:76,0
DA:81,1
DA:82,1
DA:84,0
DA:90,0
DA:92,0
DA:93,0
DA:95,0
DA:98,0
DA:100,0
DA:108,0
DA:111,0
DA:112,0
DA:115,0
DA:117,0
DA:121,0
DA:122,0
DA:125,0
DA:131,0
DA:136,6
LF:36
LH:15
BRDA:14,0,0,1
BRDA:14,1,0,1
BRDA:16,2,0,1
BRDA:16,2,1,0
BRDA:37,3,0,0
BRDA:37,3,1,1
BRDA:41,4,0,1
BRDA:41,4,1,0
BRDA:67,5,0,0
BRDA:67,5,1,0
BRDA:70,6,0,0
BRDA:70,6,1,0
BRDA:73,7,0,0
BRDA:73,7,1,0
BRDA:81,8,0,1
BRDA:81,8,1,0
BRDA:92,9,0,0
BRDA:92,9,1,0
BRDA:93,10,0,0
BRDA:95,11,0,0
BRDA:95,11,1,0
BRDA:112,12,0,0
BRDA:112,12,1,0
BRF:23
BRH:6
end_of_record
TN:
SF:helpers/bcrypt.js
FN:3,(anonymous_0)
FN:7,(anonymous_1)
FNF:2
FNH:2
FNDA:7,(anonymous_0)
FNDA:8,(anonymous_1)
DA:1,7
DA:3,7
DA:4,7
DA:7,7
DA:8,8
DA:11,7
LF:6
LH:6
BRF:0
BRH:0
end_of_record
TN:
SF:helpers/gemini.js
FN:4,(anonymous_0)
FN:9,(anonymous_1)
FN:47,(anonymous_2)
FN:95,(anonymous_3)
FN:142,(anonymous_4)
FNF:5
FNH:2
FNDA:11,(anonymous_0)
FNDA:7,(anonymous_1)
FNDA:0,(anonymous_2)
FNDA:0,(anonymous_3)
FNDA:0,(anonymous_4)
DA:1,7
DA:5,11
DA:6,11
DA:10,7
DA:11,7
DA:26,7
DA:27,3
DA:28,3
DA:30,4
DA:33,4
DA:34,1
DA:36,3
DA:37,1
DA:39,2
DA:40,1
DA:43,1
DA:48,0
DA:49,0
DA:76,0
DA:77,0
DA:78,0
DA:80,0
DA:81,0
DA:83,0
DA:90,0
DA:91,0
DA:96,0
DA:97,0
DA:123,0
DA:124,0
DA:125,0
DA:127,0
DA:128,0
DA:130,0
DA:137,0
DA:138,0
DA:143,0
DA:144,0
DA:150,0
DA:165,0
DA:166,0
DA:167,0
DA:169,0
DA:178,0
DA:179,0
DA:184,7
LF:46
LH:17
BRDA:9,0,0,4
BRDA:13,1,0,2
BRDA:13,1,1,5
BRDA:33,2,0,1
BRDA:33,2,1,3
BRDA:36,3,0,1
BRDA:36,3,1,2
BRDA:39,4,0,1
BRDA:39,4,1,1
BRDA:47,5,0,0
BRDA:95,6,0,0
BRDA:142,7,0,0
BRDA:151,8,0,0
BRDA:151,8,1,0
BRF:14
BRH:9
end_of_record
TN:
SF:helpers/googleAuth.js
FN:4,(anonymous_0)
FN:8,(anonymous_1)
FNF:2
FNH:2
FNDA:7,(anonymous_0)
FNDA:2,(anonymous_1)
DA:1,7
DA:5,7
DA:9,2
DA:10,2
DA:15,1
DA:17,1
DA:25,1
DA:34,7
LF:8
LH:8
BRF:0
BRH:0
end_of_record
TN:
SF:helpers/jwt.js
FN:3,(anonymous_0)
FN:7,(anonymous_1)
FNF:2
FNH:2
FNDA:6,(anonymous_0)
FNDA:2,(anonymous_1)
DA:1,7
DA:3,7
DA:4,6
DA:7,7
DA:8,2
DA:11,7
LF:6
LH:6
BRF:0
BRH:0
end_of_record
TN:
SF:middlewares/authentication.js
FN:4,(anonymous_0)
FN:33,(anonymous_1)
FNF:2
FNH:2
FNDA:41,(anonymous_0)
FNDA:3,(anonymous_1)
DA:1,7
DA:2,7
DA:4,7
DA:5,41
DA:6,41
DA:7,41
DA:9,41
DA:10,3
DA:13,38
DA:16,37
DA:17,37
DA:18,1
DA:21,36
DA:22,36
DA:24,5
DA:25,1
DA:26,4
DA:27,0
DA:29,5
DA:33,7
DA:34,3
DA:35,3
DA:36,3
DA:38,3
DA:39,2
DA:40,1
DA:41,1
DA:42,1
DA:46,2
DA:49,1
DA:53,7
LF:31
LH:30
BRDA:7,0,0,41
BRDA:7,0,1,38
BRDA:9,1,0,3
BRDA:9,1,1,38
BRDA:17,2,0,1
BRDA:17,2,1,36
BRDA:24,3,0,1
BRDA:24,3,1,4
BRDA:26,4,0,0
BRDA:26,4,1,4
BRDA:36,5,0,3
BRDA:36,5,1,2
BRDA:38,6,0,2
BRDA:38,6,1,1
BRDA:41,7,0,1
BRDA:41,7,1,0
BRF:16
BRH:14
end_of_record
TN:
SF:middlewares/errorHandler.js
FN:1,errorHandler
FNF:1
FNH:1
FNDA:41,errorHandler
DA:3,41
DA:4,40
DA:7,41
DA:10,7
DA:11,7
DA:13,1
DA:14,1
DA:16,1
DA:17,1
DA:19,15
DA:20,15
DA:22,4
DA:23,4
DA:25,6
DA:26,6
DA:28,1
DA:29,1
DA:31,1
DA:32,1
DA:34,1
DA:35,1
DA:37,1
DA:38,1
DA:40,1
DA:41,1
DA:46,2
DA:49,2
DA:50,2
DA:54,7
LF:29
LH:29
BRDA:3,0,0,40
BRDA:3,0,1,1
BRDA:7,1,0,2
BRDA:7,1,1,7
BRDA:7,1,2,1
BRDA:7,1,3,1
BRDA:7,1,4,15
BRDA:7,1,5,4
BRDA:7,1,6,6
BRDA:7,1,7,1
BRDA:7,1,8,1
BRDA:7,1,9,1
BRDA:7,1,10,1
BRDA:7,1,11,1
BRDA:7,1,12,2
BRDA:46,2,0,1
BRDA:46,2,1,1
BRDA:48,3,0,1
BRDA:48,3,1,0
BRF:19
BRH:18
end_of_record
TN:
SF:models/highlight.js
FN:4,(anonymous_0)
FN:6,(anonymous_1)
FNF:2
FNH:2
FNDA:6,(anonymous_0)
FNDA:6,(anonymous_1)
DA:2,6
DA:4,6
DA:8,6
DA:15,6
DA:108,6
LF:5
LH:5
BRF:0
BRH:0
end_of_record
TN:
SF:models/index.js
FN:21,(anonymous_0)
FN:29,(anonymous_1)
FN:34,(anonymous_2)
FNF:3
FNH:3
FNDA:24,(anonymous_0)
FNDA:18,(anonymous_1)
FNDA:18,(anonymous_2)
DA:3,6
DA:4,6
DA:5,6
DA:6,6
DA:7,6
DA:8,6
DA:9,6
DA:10,6
DA:13,6
DA:14,0
DA:16,6
DA:19,6
DA:22,24
DA:30,18
DA:31,18
DA:34,6
DA:35,18
DA:36,18
DA:40,6
DA:41,6
DA:43,6
LF:21
LH:20
BRDA:8,0,0,6
BRDA:8,0,1,0
BRDA:13,1,0,0
BRDA:13,1,1,6
BRDA:23,2,0,24
BRDA:23,2,1,24
BRDA:23,2,2,18
BRDA:23,2,3,18
BRDA:35,3,0,18
BRDA:35,3,1,0
BRF:10
BRH:7
end_of_record
TN:
SF:models/note.js
FN:3,(anonymous_0)
FN:10,(anonymous_1)
FN:30,(anonymous_2)
FN:43,(anonymous_3)
FN:58,(anonymous_4)
FN:69,(anonymous_5)
FNF:6
FNH:6
FNDA:6,(anonymous_0)
FNDA:6,(anonymous_1)
FNDA:1,(anonymous_2)
FNDA:1,(anonymous_3)
FNDA:1,(anonymous_4)
FNDA:1,(anonymous_5)
DA:2,6
DA:3,6
DA:12,6
DA:15,6
DA:31,1
DA:32,0
DA:44,1
DA:45,0
DA:59,1
DA:60,0
DA:70,1
DA:71,0
DA:92,6
LF:13
LH:9
BRDA:31,0,0,0
BRDA:31,0,1,1
BRDA:31,1,0,1
BRDA:31,1,1,0
BRDA:44,2,0,0
BRDA:44,2,1,1
BRDA:44,3,0,1
BRDA:44,3,1,0
BRDA:59,4,0,0
BRDA:59,4,1,1
BRDA:59,5,0,1
BRDA:59,5,1,1
BRDA:70,6,0,0
BRDA:70,6,1,1
BRDA:70,7,0,1
BRDA:70,7,1,1
BRF:16
BRH:10
end_of_record
TN:
SF:models/user.js
FN:5,(anonymous_0)
FN:12,(anonymous_1)
FN:76,(anonymous_2)
FN:81,(anonymous_3)
FNF:4
FNH:3
FNDA:6,(anonymous_0)
FNDA:6,(anonymous_1)
FNDA:6,(anonymous_2)
FNDA:0,(anonymous_3)
DA:2,6
DA:3,6
DA:5,6
DA:14,6
DA:21,6
DA:77,6
DA:78,6
DA:82,0
DA:83,0
DA:89,6
LF:10
LH:8
BRDA:77,0,0,6
BRDA:77,0,1,0
BRDA:82,1,0,0
BRDA:82,1,1,0
BRF:4
BRH:1
end_of_record
