TN:
SF:app.js
FNF:0
FNH:0
DA:1,9
DA:2,9
DA:5,9
DA:6,9
DA:8,9
DA:9,9
DA:10,9
DA:11,9
DA:12,9
DA:13,9
DA:14,9
DA:16,9
DA:19,9
DA:20,9
DA:21,9
DA:24,9
DA:27,9
DA:28,9
DA:29,9
DA:32,9
DA:33,9
DA:34,9
DA:37,9
DA:40,9
DA:41,9
DA:44,9
DA:47,9
DA:48,9
DA:49,9
DA:50,9
DA:51,9
DA:54,9
DA:55,9
DA:56,9
DA:57,9
DA:58,9
DA:59,9
DA:60,9
DA:66,9
DA:68,9
DA:69,9
DA:71,9
DA:73,9
LF:43
LH:43
BRDA:1,0,0,9
BRDA:1,0,1,0
BRF:2
BRH:1
end_of_record
TN:
SF:controllers/authController.js
FN:7,(anonymous_0)
FN:53,(anonymous_1)
FN:98,(anonymous_2)
FN:151,(anonymous_3)
FN:183,(anonymous_4)
FNF:5
FNH:5
FNDA:8,(anonymous_0)
FNDA:16,(anonymous_1)
FNDA:2,(anonymous_2)
FNDA:2,(anonymous_3)
FNDA:1,(anonymous_4)
DA:1,9
DA:2,9
DA:3,9
DA:4,9
DA:8,8
DA:9,8
DA:11,8
DA:12,1
DA:15,7
DA:16,1
DA:19,6
DA:20,0
DA:24,6
DA:25,6
DA:26,1
DA:27,1
DA:28,0
DA:30,0
DA:34,6
DA:41,2
DA:42,2
DA:44,2
DA:49,6
DA:54,16
DA:55,16
DA:57,16
DA:58,0
DA:61,16
DA:62,1
DA:65,15
DA:71,15
DA:72,1
DA:75,14
DA:77,14
DA:78,6
DA:81,8
DA:83,8
DA:84,8
DA:85,8
DA:86,8
DA:88,8
DA:94,8
DA:99,2
DA:100,2
DA:102,2
DA:103,1
DA:107,1
DA:110,0
DA:116,0
DA:118,0
DA:127,0
DA:128,0
DA:129,0
DA:130,0
DA:135,0
DA:138,0
DA:139,0
DA:141,0
DA:147,2
DA:152,2
DA:153,2
DA:156,2
DA:157,2
DA:158,2
DA:159,1
DA:160,1
DA:162,1
DA:166,2
DA:167,2
DA:168,0
DA:171,2
DA:172,2
DA:174,2
DA:179,0
DA:184,1
DA:185,1
DA:189,1
DA:190,0
DA:193,1
DA:195,0
DA:200,9
LF:81
LH:62
BRDA:11,0,0,1
BRDA:11,0,1,7
BRDA:15,1,0,1
BRDA:15,1,1,6
BRDA:19,2,0,0
BRDA:19,2,1,6
BRDA:25,3,0,1
BRDA:25,3,1,5
BRDA:26,4,0,1
BRDA:26,4,1,0
BRDA:28,5,0,0
BRDA:28,5,1,0
BRDA:57,6,0,0
BRDA:57,6,1,16
BRDA:61,7,0,1
BRDA:61,7,1,15
BRDA:71,8,0,1
BRDA:71,8,1,14
BRDA:77,9,0,6
BRDA:77,9,1,8
BRDA:102,10,0,1
BRDA:102,10,1,1
BRDA:116,11,0,0
BRDA:116,11,1,0
BRDA:127,12,0,0
BRDA:127,12,1,0
BRDA:129,13,0,0
BRDA:129,13,1,0
BRDA:157,14,0,2
BRDA:157,14,1,0
BRDA:158,15,0,1
BRDA:158,15,1,1
BRDA:160,16,0,1
BRDA:160,16,1,0
BRDA:167,17,0,0
BRDA:167,17,1,2
BRDA:189,18,0,0
BRDA:189,18,1,1
BRF:38
BRH:23
end_of_record
TN:
SF:controllers/geminiController.js
FN:4,(anonymous_0)
FNF:1
FNH:1
FNDA:11,(anonymous_0)
DA:1,9
DA:5,11
DA:6,11
DA:9,11
DA:10,2
DA:14,9
DA:15,1
DA:21,8
DA:22,0
DA:29,8
DA:30,8
DA:32,8
DA:33,0
DA:39,8
DA:44,5
DA:51,6
DA:52,0
DA:53,0
DA:55,6
DA:60,9
LF:20
LH:16
BRDA:9,0,0,2
BRDA:9,0,1,9
BRDA:14,1,0,1
BRDA:14,1,1,8
BRDA:21,2,0,0
BRDA:21,2,1,8
BRDA:21,3,0,8
BRDA:21,3,1,5
BRDA:30,4,0,5
BRDA:30,4,1,3
BRDA:32,5,0,0
BRDA:32,5,1,8
BRDA:51,6,0,0
BRDA:51,6,1,6
BRF:14
BRH:11
end_of_record
TN:
SF:controllers/highlightController.js
FN:6,(anonymous_0)
FN:24,(anonymous_1)
FN:95,(anonymous_2)
FN:156,(anonymous_3)
FN:169,(anonymous_4)
FN:199,(anonymous_5)
FN:246,(anonymous_6)
FN:271,(anonymous_7)
FN:319,(anonymous_8)
FN:339,(anonymous_9)
FNF:10
FNH:10
FNDA:19,(anonymous_0)
FNDA:5,(anonymous_1)
FNDA:6,(anonymous_2)
FNDA:13,(anonymous_3)
FNDA:2,(anonymous_4)
FNDA:2,(anonymous_5)
FNDA:2,(anonymous_6)
FNDA:2,(anonymous_7)
FNDA:2,(anonymous_8)
FNDA:2,(anonymous_9)
DA:1,9
DA:2,9
DA:7,19
DA:25,5
DA:35,5
DA:38,5
DA:39,1
DA:42,4
DA:43,1
DA:47,3
DA:48,1
DA:55,2
DA:56,2
DA:58,2
DA:61,2
DA:62,1
DA:63,1
DA:68,0
DA:73,2
DA:86,2
DA:91,3
DA:96,6
DA:104,6
DA:106,6
DA:107,6
DA:110,6
DA:111,1
DA:115,6
DA:116,1
DA:120,6
DA:121,1
DA:122,1
DA:131,6
DA:133,1
DA:134,1
DA:137,5
DA:138,5
DA:141,6
DA:155,6
DA:157,13
DA:165,0
DA:170,2
DA:171,2
DA:173,2
DA:187,2
DA:188,1
DA:191,1
DA:195,1
DA:200,2
DA:201,2
DA:202,2
DA:204,2
DA:211,2
DA:212,1
DA:216,1
DA:217,1
DA:218,0
DA:223,1
DA:225,1
DA:226,1
DA:228,1
DA:229,1
DA:231,1
DA:232,1
DA:235,1
DA:237,1
DA:242,1
DA:247,2
DA:248,2
DA:250,2
DA:257,2
DA:258,1
DA:261,1
DA:263,1
DA:267,1
DA:272,2
DA:273,2
DA:274,2
DA:276,2
DA:283,2
DA:284,1
DA:288,1
DA:289,0
DA:297,1
DA:303,1
DA:304,1
DA:306,1
DA:315,1
DA:320,2
DA:321,2
DA:323,2
DA:338,2
DA:340,2
DA:346,0
DA:351,9
LF:95
LH:90
BRDA:34,0,0,3
BRDA:38,1,0,1
BRDA:38,1,1,4
BRDA:42,2,0,1
BRDA:42,2,1,3
BRDA:47,3,0,1
BRDA:47,3,1,2
BRDA:56,4,0,1
BRDA:56,4,1,1
BRDA:61,5,0,1
BRDA:61,5,1,1
BRDA:76,6,0,2
BRDA:76,6,1,1
BRDA:77,7,0,2
BRDA:77,7,1,1
BRDA:81,8,0,2
BRDA:81,8,1,1
BRDA:82,9,0,2
BRDA:82,9,1,1
BRDA:98,10,0,5
BRDA:99,11,0,5
BRDA:103,12,0,5
BRDA:110,13,0,1
BRDA:110,13,1,5
BRDA:115,14,0,1
BRDA:115,14,1,5
BRDA:120,15,0,1
BRDA:120,15,1,5
BRDA:131,16,0,1
BRDA:131,16,1,5
BRDA:131,16,2,5
BRDA:187,17,0,1
BRDA:187,17,1,1
BRDA:211,18,0,1
BRDA:211,18,1,1
BRDA:216,19,0,1
BRDA:216,19,1,0
BRDA:217,20,0,0
BRDA:217,20,1,1
BRDA:225,21,0,1
BRDA:225,21,1,0
BRDA:228,22,0,1
BRDA:228,22,1,0
BRDA:231,23,0,1
BRDA:231,23,1,0
BRDA:257,24,0,1
BRDA:257,24,1,1
BRDA:274,25,0,2
BRDA:283,26,0,1
BRDA:283,26,1,1
BRDA:288,27,0,0
BRDA:288,27,1,1
BRDA:288,28,0,1
BRDA:288,28,1,0
BRDA:310,29,0,0
BRDA:310,29,1,1
BRF:56
BRH:48
end_of_record
TN:
SF:controllers/noteController.js
FN:6,(anonymous_0)
FN:23,(anonymous_1)
FN:129,(anonymous_2)
FN:160,(anonymous_3)
FN:170,(anonymous_4)
FN:191,(anonymous_5)
FN:240,(anonymous_6)
FNF:7
FNH:7
FNDA:16,(anonymous_0)
FNDA:9,(anonymous_1)
FNDA:6,(anonymous_2)
FNDA:10,(anonymous_3)
FNDA:2,(anonymous_4)
FNDA:3,(anonymous_5)
FNDA:2,(anonymous_6)
DA:1,9
DA:2,9
DA:7,16
DA:24,9
DA:33,9
DA:36,9
DA:37,7
DA:38,2
DA:43,5
DA:44,2
DA:49,2
DA:50,1
DA:51,0
DA:56,1
DA:57,0
DA:65,5
DA:66,0
DA:72,5
DA:73,0
DA:79,5
DA:80,0
DA:86,5
DA:87,0
DA:93,5
DA:94,0
DA:101,5
DA:107,5
DA:108,3
DA:109,3
DA:110,2
DA:111,1
DA:112,1
DA:113,1
DA:118,5
DA:120,3
DA:125,6
DA:130,6
DA:131,6
DA:132,6
DA:135,6
DA:138,6
DA:139,1
DA:148,6
DA:149,1
DA:152,6
DA:159,6
DA:160,10
DA:166,0
DA:171,2
DA:172,2
DA:174,2
DA:181,2
DA:182,1
DA:185,1
DA:187,1
DA:192,3
DA:193,3
DA:201,3
DA:203,3
DA:210,3
DA:211,1
DA:215,2
DA:216,2
DA:217,2
DA:218,0
DA:219,0
DA:220,0
DA:221,0
DA:222,0
DA:223,0
DA:227,2
DA:229,2
DA:231,2
DA:236,1
DA:241,2
DA:242,2
DA:244,2
DA:251,2
DA:252,1
DA:255,1
DA:257,1
DA:259,1
DA:264,9
LF:83
LH:69
BRDA:26,0,0,7
BRDA:29,1,0,8
BRDA:36,2,0,7
BRDA:36,2,1,2
BRDA:37,3,0,2
BRDA:37,3,1,5
BRDA:43,4,0,2
BRDA:43,4,1,3
BRDA:49,5,0,1
BRDA:49,5,1,1
BRDA:50,6,0,0
BRDA:50,6,1,1
BRDA:56,7,0,0
BRDA:56,7,1,1
BRDA:65,8,0,0
BRDA:65,8,1,5
BRDA:65,9,0,5
BRDA:65,9,1,4
BRDA:72,10,0,0
BRDA:72,10,1,5
BRDA:72,11,0,5
BRDA:72,11,1,4
BRDA:79,12,0,0
BRDA:79,12,1,5
BRDA:79,13,0,5
BRDA:79,13,1,1
BRDA:86,14,0,0
BRDA:86,14,1,5
BRDA:86,15,0,5
BRDA:86,15,1,1
BRDA:93,16,0,0
BRDA:93,16,1,5
BRDA:93,17,0,5
BRDA:93,17,1,1
BRDA:107,18,0,3
BRDA:107,18,1,2
BRDA:110,19,0,1
BRDA:110,19,1,1
BRDA:113,20,0,1
BRDA:113,20,1,0
BRDA:131,21,0,5
BRDA:131,22,0,5
BRDA:138,23,0,1
BRDA:138,23,1,5
BRDA:148,24,0,1
BRDA:148,24,1,5
BRDA:181,25,0,1
BRDA:181,25,1,1
BRDA:210,26,0,1
BRDA:210,26,1,2
BRDA:215,27,0,2
BRDA:215,27,1,0
BRDA:216,28,0,2
BRDA:216,28,1,0
BRDA:217,29,0,1
BRDA:217,29,1,1
BRDA:218,30,0,0
BRDA:218,30,1,0
BRDA:219,31,0,0
BRDA:219,31,1,0
BRDA:221,32,0,0
BRDA:221,32,1,0
BRDA:222,33,0,0
BRDA:222,33,1,0
BRDA:227,34,0,1
BRDA:227,34,1,1
BRDA:251,35,0,1
BRDA:251,35,1,1
BRF:68
BRH:50
end_of_record
TN:
SF:controllers/pubController.js
FN:4,(anonymous_0)
FN:12,(anonymous_1)
FN:33,(anonymous_2)
FN:89,(anonymous_3)
FN:99,(anonymous_4)
FN:108,(anonymous_5)
FN:112,(anonymous_6)
FN:116,(anonymous_7)
FN:117,(anonymous_8)
FN:122,(anonymous_9)
FNF:10
FNH:3
FNDA:3,(anonymous_0)
FNDA:9,(anonymous_1)
FNDA:4,(anonymous_2)
FNDA:0,(anonymous_3)
FNDA:0,(anonymous_4)
FNDA:0,(anonymous_5)
FNDA:0,(anonymous_6)
FNDA:0,(anonymous_7)
FNDA:0,(anonymous_8)
FNDA:0,(anonymous_9)
DA:1,9
DA:5,3
DA:13,9
DA:14,9
DA:16,9
DA:17,9
DA:25,6
DA:30,4
DA:34,4
DA:35,4
DA:37,4
DA:38,0
DA:41,4
DA:42,4
DA:44,1
DA:47,1
DA:76,1
DA:81,3
DA:82,1
DA:84,2
DA:90,0
DA:92,0
DA:93,0
DA:95,0
DA:98,0
DA:100,0
DA:108,0
DA:111,0
DA:112,0
DA:115,0
DA:117,0
DA:121,0
DA:122,0
DA:125,0
DA:131,0
DA:136,9
LF:36
LH:20
BRDA:14,0,0,8
BRDA:14,1,0,7
BRDA:16,2,0,9
BRDA:16,2,1,0
BRDA:37,3,0,0
BRDA:37,3,1,4
BRDA:41,4,0,4
BRDA:41,4,1,0
BRDA:67,5,0,1
BRDA:67,5,1,1
BRDA:70,6,0,1
BRDA:70,6,1,0
BRDA:73,7,0,1
BRDA:73,7,1,0
BRDA:81,8,0,1
BRDA:81,8,1,2
BRDA:92,9,0,0
BRDA:92,9,1,0
BRDA:93,10,0,0
BRDA:95,11,0,0
BRDA:95,11,1,0
BRDA:112,12,0,0
BRDA:112,12,1,0
BRF:23
BRH:11
end_of_record
TN:
SF:helpers/bcrypt.js
FN:3,(anonymous_0)
FN:7,(anonymous_1)
FNF:2
FNH:2
FNDA:26,(anonymous_0)
FNDA:16,(anonymous_1)
DA:1,13
DA:3,13
DA:4,26
DA:7,13
DA:8,16
DA:11,13
LF:6
LH:6
BRF:0
BRH:0
end_of_record
TN:
SF:helpers/gemini.js
FN:4,(anonymous_0)
FN:9,(anonymous_1)
FN:47,(anonymous_2)
FN:95,(anonymous_3)
FN:142,(anonymous_4)
FNF:5
FNH:1
FNDA:8,(anonymous_0)
FNDA:0,(anonymous_1)
FNDA:0,(anonymous_2)
FNDA:0,(anonymous_3)
FNDA:0,(anonymous_4)
DA:1,8
DA:5,8
DA:6,8
DA:10,0
DA:11,0
DA:26,0
DA:27,0
DA:28,0
DA:30,0
DA:33,0
DA:34,0
DA:36,0
DA:37,0
DA:39,0
DA:40,0
DA:43,0
DA:48,0
DA:49,0
DA:76,0
DA:77,0
DA:78,0
DA:80,0
DA:81,0
DA:83,0
DA:90,0
DA:91,0
DA:96,0
DA:97,0
DA:123,0
DA:124,0
DA:125,0
DA:127,0
DA:128,0
DA:130,0
DA:137,0
DA:138,0
DA:143,0
DA:144,0
DA:150,0
DA:165,0
DA:166,0
DA:167,0
DA:169,0
DA:178,0
DA:179,0
DA:184,8
LF:46
LH:4
BRDA:9,0,0,0
BRDA:13,1,0,0
BRDA:13,1,1,0
BRDA:33,2,0,0
BRDA:33,2,1,0
BRDA:36,3,0,0
BRDA:36,3,1,0
BRDA:39,4,0,0
BRDA:39,4,1,0
BRDA:47,5,0,0
BRDA:95,6,0,0
BRDA:142,7,0,0
BRDA:151,8,0,0
BRDA:151,8,1,0
BRF:14
BRH:0
end_of_record
TN:
SF:helpers/googleAuth.js
FN:4,(anonymous_0)
FN:8,(anonymous_1)
FNF:2
FNH:2
FNDA:9,(anonymous_0)
FNDA:1,(anonymous_1)
DA:1,9
DA:5,9
DA:9,1
DA:10,1
DA:15,0
DA:17,0
DA:25,1
DA:34,9
LF:8
LH:6
BRF:0
BRH:0
end_of_record
TN:
SF:helpers/jwt.js
FN:3,(anonymous_0)
FN:7,(anonymous_1)
FNF:2
FNH:2
FNDA:26,(anonymous_0)
FNDA:2,(anonymous_1)
DA:1,10
DA:3,10
DA:4,26
DA:7,10
DA:8,2
DA:11,10
LF:6
LH:6
BRF:0
BRH:0
end_of_record
TN:
SF:middlewares/authentication.js
FN:4,(anonymous_0)
FN:33,(anonymous_1)
FNF:2
FNH:1
FNDA:99,(anonymous_0)
FNDA:0,(anonymous_1)
DA:1,10
DA:2,10
DA:4,10
DA:5,99
DA:6,99
DA:7,99
DA:9,99
DA:10,21
DA:13,78
DA:16,60
DA:17,59
DA:18,1
DA:21,58
DA:22,58
DA:24,41
DA:25,17
DA:26,24
DA:27,0
DA:29,41
DA:33,10
DA:34,0
DA:35,0
DA:36,0
DA:38,0
DA:39,0
DA:40,0
DA:41,0
DA:42,0
DA:46,0
DA:49,0
DA:53,10
LF:31
LH:20
BRDA:7,0,0,99
BRDA:7,0,1,81
BRDA:9,1,0,21
BRDA:9,1,1,78
BRDA:17,2,0,1
BRDA:17,2,1,58
BRDA:24,3,0,17
BRDA:24,3,1,24
BRDA:26,4,0,0
BRDA:26,4,1,24
BRDA:36,5,0,0
BRDA:36,5,1,0
BRDA:38,6,0,0
BRDA:38,6,1,0
BRDA:41,7,0,0
BRDA:41,7,1,0
BRF:16
BRH:9
end_of_record
TN:
SF:middlewares/errorHandler.js
FN:1,errorHandler
FNF:1
FNH:1
FNDA:92,errorHandler
DA:3,92
DA:4,92
DA:7,92
DA:10,6
DA:11,6
DA:13,1
DA:14,1
DA:16,0
DA:17,0
DA:19,16
DA:20,16
DA:22,9
DA:23,9
DA:25,27
DA:26,27
DA:28,1
DA:29,1
DA:31,18
DA:32,18
DA:34,1
DA:35,1
DA:37,0
DA:38,0
DA:40,0
DA:41,0
DA:46,13
DA:49,13
DA:50,13
DA:54,10
LF:29
LH:23
BRDA:3,0,0,92
BRDA:3,0,1,0
BRDA:7,1,0,3
BRDA:7,1,1,6
BRDA:7,1,2,1
BRDA:7,1,3,0
BRDA:7,1,4,16
BRDA:7,1,5,9
BRDA:7,1,6,27
BRDA:7,1,7,1
BRDA:7,1,8,18
BRDA:7,1,9,1
BRDA:7,1,10,0
BRDA:7,1,11,0
BRDA:7,1,12,13
BRDA:46,2,0,0
BRDA:46,2,1,13
BRDA:48,3,0,13
BRDA:48,3,1,1
BRF:19
BRH:14
end_of_record
TN:
SF:models/highlight.js
FN:4,(anonymous_0)
FN:6,(anonymous_1)
FNF:2
FNH:2
FNDA:13,(anonymous_0)
FNDA:13,(anonymous_1)
DA:2,13
DA:4,13
DA:8,13
DA:15,13
DA:108,13
LF:5
LH:5
BRF:0
BRH:0
end_of_record
TN:
SF:models/index.js
FN:21,(anonymous_0)
FN:29,(anonymous_1)
FN:34,(anonymous_2)
FNF:3
FNH:3
FNDA:52,(anonymous_0)
FNDA:39,(anonymous_1)
FNDA:39,(anonymous_2)
DA:3,13
DA:4,13
DA:5,13
DA:6,13
DA:7,13
DA:8,13
DA:9,13
DA:10,13
DA:13,13
DA:14,0
DA:16,13
DA:19,13
DA:22,52
DA:30,39
DA:31,39
DA:34,13
DA:35,39
DA:36,39
DA:40,13
DA:41,13
DA:43,13
LF:21
LH:20
BRDA:8,0,0,13
BRDA:8,0,1,0
BRDA:13,1,0,0
BRDA:13,1,1,13
BRDA:23,2,0,52
BRDA:23,2,1,52
BRDA:23,2,2,39
BRDA:23,2,3,39
BRDA:35,3,0,39
BRDA:35,3,1,0
BRF:10
BRH:7
end_of_record
TN:
SF:models/note.js
FN:3,(anonymous_0)
FN:10,(anonymous_1)
FN:30,(anonymous_2)
FN:43,(anonymous_3)
FN:58,(anonymous_4)
FN:69,(anonymous_5)
FNF:6
FNH:6
FNDA:13,(anonymous_0)
FNDA:13,(anonymous_1)
FNDA:14,(anonymous_2)
FNDA:14,(anonymous_3)
FNDA:16,(anonymous_4)
FNDA:15,(anonymous_5)
DA:2,13
DA:3,13
DA:12,13
DA:15,13
DA:31,14
DA:32,0
DA:44,14
DA:45,0
DA:59,16
DA:60,0
DA:70,15
DA:71,0
DA:92,13
LF:13
LH:9
BRDA:31,0,0,0
BRDA:31,0,1,14
BRDA:31,1,0,14
BRDA:31,1,1,1
BRDA:44,2,0,0
BRDA:44,2,1,14
BRDA:44,3,0,14
BRDA:44,3,1,1
BRDA:59,4,0,0
BRDA:59,4,1,16
BRDA:59,5,0,16
BRDA:59,5,1,14
BRDA:70,6,0,0
BRDA:70,6,1,15
BRDA:70,7,0,15
BRDA:70,7,1,13
BRF:16
BRH:12
end_of_record
TN:
SF:models/user.js
FN:5,(anonymous_0)
FN:12,(anonymous_1)
FN:76,(anonymous_2)
FN:81,(anonymous_3)
FNF:4
FNH:4
FNDA:13,(anonymous_0)
FNDA:13,(anonymous_1)
FNDA:25,(anonymous_2)
FNDA:3,(anonymous_3)
DA:2,13
DA:3,13
DA:5,13
DA:14,13
DA:21,13
DA:77,25
DA:78,25
DA:82,3
DA:83,0
DA:89,13
LF:10
LH:9
BRDA:77,0,0,25
BRDA:77,0,1,0
BRDA:82,1,0,0
BRDA:82,1,1,3
BRF:4
BRH:2
end_of_record
